------Start of DE processing------ = [05/10/2020, 15:43:54:437 BST]
Exception = java.util.NoSuchElementException
Source = com.ibm.ws.microprofile.config.cdi.ConfigCDIExtension
probeid = 157
Stack Dump = java.util.NoSuchElementException: CWMCG0015E: The property conference was not found in the configuration.
	at com.ibm.ws.microprofile.config.impl.AbstractConfig.getValue(AbstractConfig.java:176)
	at com.ibm.ws.microprofile.config.impl.AbstractConfig.getValue(AbstractConfig.java:142)
	at com.ibm.ws.microprofile.config.cdi.ConfigProducer.newValue(ConfigProducer.java:48)
	at com.ibm.ws.microprofile.config.cdi.ConfigCDIExtension.processConversionType(ConfigCDIExtension.java:155)
	at com.ibm.ws.microprofile.config.cdi.ConfigCDIExtension.validateConfigProperty(ConfigCDIExtension.java:93)
	at com.ibm.ws.microprofile.config.cdi.ConfigCDIExtension.processInjectionTarget(ConfigCDIExtension.java:75)
	at jdk.internal.reflect.GeneratedMethodAccessor758.invoke(Unknown Source)
	at java.base/java.lang.reflect.Method.invoke(Method.java:567)
	at org.jboss.weld.injection.StaticMethodInjectionPoint.invoke(StaticMethodInjectionPoint.java:95)
	at org.jboss.weld.injection.StaticMethodInjectionPoint.invoke(StaticMethodInjectionPoint.java:85)
	at org.jboss.weld.injection.MethodInvocationStrategy$SimpleMethodInvocationStrategy.invoke(MethodInvocationStrategy.java:168)
	at org.jboss.weld.event.ObserverMethodImpl.sendEvent(ObserverMethodImpl.java:330)
	at org.jboss.weld.event.ExtensionObserverMethodImpl.sendEvent(ExtensionObserverMethodImpl.java:123)
	at org.jboss.weld.event.ObserverMethodImpl.sendEvent(ObserverMethodImpl.java:308)
	at org.jboss.weld.event.ObserverMethodImpl.notify(ObserverMethodImpl.java:286)
	at javax.enterprise.inject.spi.ObserverMethod.notify(ObserverMethod.java:124)
	at org.jboss.weld.util.Observers.notify(Observers.java:166)
	at org.jboss.weld.event.ObserverNotifier.notifySyncObservers(ObserverNotifier.java:285)
	at org.jboss.weld.event.ObserverNotifier.notify(ObserverNotifier.java:273)
	at org.jboss.weld.event.ObserverNotifier.fireEvent(ObserverNotifier.java:177)
	at org.jboss.weld.event.ObserverNotifier.fireEvent(ObserverNotifier.java:171)
	at org.jboss.weld.bootstrap.events.AbstractContainerEvent.fire(AbstractContainerEvent.java:53)
	at org.jboss.weld.bootstrap.events.AbstractDefinitionContainerEvent.fire(AbstractDefinitionContainerEvent.java:44)
	at org.jboss.weld.bootstrap.events.AbstractProcessInjectionTarget.fire(AbstractProcessInjectionTarget.java:40)
	at org.jboss.weld.bootstrap.events.ContainerLifecycleEvents.fireProcessInjectionTarget(ContainerLifecycleEvents.java:279)
	at org.jboss.weld.manager.BeanManagerImpl.fireProcessInjectionTarget(BeanManagerImpl.java:1243)
	at org.jboss.weld.manager.BeanManagerImpl.fireProcessInjectionTarget(BeanManagerImpl.java:1238)
	at com.ibm.ws.cdi.impl.weld.BeanDeploymentArchiveImpl.createJEEComponentInjectionTarget(BeanDeploymentArchiveImpl.java:910)
	at com.ibm.ws.cdi.impl.weld.BeanDeploymentArchiveImpl.createInjectionTargetsForJEEComponentClass(BeanDeploymentArchiveImpl.java:848)
	at com.ibm.ws.cdi.impl.weld.BeanDeploymentArchiveImpl.createInjectionTargetsForJEEComponentClasses(BeanDeploymentArchiveImpl.java:834)
	at com.ibm.ws.cdi.impl.weld.WebSphereCDIDeploymentImpl.validateJEEComponentClasses(WebSphereCDIDeploymentImpl.java:683)
	at com.ibm.ws.cdi.impl.CDIContainerImpl.startInitialization(CDIContainerImpl.java:159)
	at com.ibm.ws.cdi.liberty.CDIRuntimeImpl.applicationStarting(CDIRuntimeImpl.java:479)
	at com.ibm.ws.container.service.state.internal.ApplicationStateManager.fireStarting(ApplicationStateManager.java:51)
	at com.ibm.ws.container.service.state.internal.StateChangeServiceImpl.fireApplicationStarting(StateChangeServiceImpl.java:50)
	at com.ibm.ws.app.manager.module.internal.SimpleDeployedAppInfoBase.preDeployApp(SimpleDeployedAppInfoBase.java:547)
	at com.ibm.ws.app.manager.module.internal.SimpleDeployedAppInfoBase.installApp(SimpleDeployedAppInfoBase.java:508)
	at com.ibm.ws.app.manager.module.internal.DeployedAppInfoBase.deployApp(DeployedAppInfoBase.java:347)
	at com.ibm.ws.app.manager.war.internal.WARApplicationHandlerImpl.install(WARApplicationHandlerImpl.java:65)
	at com.ibm.ws.app.manager.internal.statemachine.StartAction.execute(StartAction.java:144)
	at com.ibm.ws.app.manager.internal.statemachine.ApplicationStateMachineImpl.enterState(ApplicationStateMachineImpl.java:1317)
	at com.ibm.ws.app.manager.internal.statemachine.ApplicationStateMachineImpl.performAction(ApplicationStateMachineImpl.java:1182)
	at com.ibm.ws.app.manager.internal.statemachine.ApplicationStateMachineImpl.run(ApplicationStateMachineImpl.java:905)
	at com.ibm.ws.threading.internal.ExecutorServiceImpl$RunnableWrapper.run(ExecutorServiceImpl.java:239)
	at java.base/java.util.concurrent.ThreadPoolExecutor.runWorker(ThreadPoolExecutor.java:1128)
	at java.base/java.util.concurrent.ThreadPoolExecutor$Worker.run(ThreadPoolExecutor.java:628)
	at java.base/java.lang.Thread.run(Thread.java:830)

Dump of callerThis
Object type = com.ibm.ws.microprofile.config14.cdi.services.Config14CDIExtensionComponent
  serialVersionUID = -5453335678793243453
  $$$tc$$$ = class com.ibm.websphere.ras.TraceComponent@1670615e
    strings[0] = "TraceComponent[com.ibm.ws.microprofile.config14.cdi.services.Config14CDIExtensionComponent,class com.ibm.ws.microprofile.config14.cdi.services.Config14CDIExtensionComponent,[],null,null]"
  tc = class com.ibm.websphere.ras.TraceComponent@53de2e29
    strings[0] = "TraceComponent[com.ibm.ws.microprofile.config14.cdi.Config14CDIExtension,class com.ibm.ws.microprofile.config14.cdi.Config14CDIExtension,[APPCONFIG],com.ibm.ws.microprofile.config.cdi.resources.ConfigCDI,null]"
  serialVersionUID = -3633596720208637475
  serialVersionUID = -581863720347459464
  $$$tc$$$ = class com.ibm.websphere.ras.TraceComponent@1104fab0
    strings[0] = "TraceComponent[com.ibm.ws.microprofile.config12.cdi.Config12CDIExtension,class com.ibm.ws.microprofile.config12.cdi.Config12CDIExtension,[APPCONFIG],com.ibm.ws.microprofile.config.cdi.resources.ConfigCDI,null]"
  tc = class com.ibm.websphere.ras.TraceComponent@4302ff7c
    strings[0] = "TraceComponent[com.ibm.ws.microprofile.config.cdi.ConfigCDIExtension,class com.ibm.ws.microprofile.config.cdi.ConfigCDIExtension,[APPCONFIG],com.ibm.ws.microprofile.config.cdi.resources.ConfigCDI,null]"
  validInjectionTypes = class java.util.HashSet@1c21ec53
    serialVersionUID = "/* Could not access serialVersionUID */"
    map = "/* Could not access map */"
    PRESENT = "/* Could not access PRESENT */"
  badInjectionTypes = class java.util.HashSet@6ebe39b5
    serialVersionUID = "/* Could not access serialVersionUID */"
    map = "/* Could not access map */"
    PRESENT = "/* Could not access PRESENT */"
  serialVersionUID = 4959904053215305985

Dump of objectArray[0]
Object type = java.lang.String
  String value = "conference"

Dump of objectArray[1]
Object type = java.lang.String
  String value = "org.eclipse.microprofile.config.configproperty.unconfigureddvalue"

Dump of objectArray[2]
Object type = java.lang.Class
  ANNOTATION = "/* Could not access ANNOTATION */"
  ENUM = "/* Could not access ENUM */"
  SYNTHETIC = "/* Could not access SYNTHETIC */"
  cachedConstructor = "/* Could not access cachedConstructor */"
  name = "/* Could not access name */"
  module = "/* Could not access module */"
  packageName = "/* Could not access packageName */"
  componentType = "/* Could not access componentType */"
  allPermDomain = "/* Could not access allPermDomain */"
  reflectionData = "/* Could not access reflectionData */"
  classRedefinedCount = "/* Could not access classRedefinedCount */"
  genericInfo = "/* Could not access genericInfo */"
  EMPTY_CLASS_ARRAY = "/* Could not access EMPTY_CLASS_ARRAY */"
  serialVersionUID = "/* Could not access serialVersionUID */"
  serialPersistentFields = "/* Could not access serialPersistentFields */"
  reflectionFactory = "/* Could not access reflectionFactory */"
  enumConstants = "/* Could not access enumConstants */"
  enumConstantDirectory = "/* Could not access enumConstantDirectory */"
  annotationData = "/* Could not access annotationData */"
  annotationType = "/* Could not access annotationType */"
  classValueMap = "/* Could not access classValueMap */"

Dump of objectArray[3]
Object type = com.ibm.ws.classloading.internal.AppClassLoader
  tc = class com.ibm.websphere.ras.TraceComponent@728d0af5
    strings[0] = "TraceComponent[com.ibm.ws.classloading.internal.AppClassLoader,class com.ibm.ws.classloading.internal.AppClassLoader,[ClassLoadingService],com.ibm.ws.classloading.internal.resources.ClassLoadingServiceMessages,null]"
  disableSharedClassesCache = false
  PARENT_FIRST_SEARCH_ORDER = class java.util.Collections$UnmodifiableRandomAccessList@3462025f
    serialVersionUID = "/* Could not access serialVersionUID */"
    serialVersionUID = "/* Could not access serialVersionUID */"
    list = "/* Could not access list */"
    serialVersionUID = "/* Could not access serialVersionUID */"
    c = "/* Could not access c */"
  packagesDefined = class java.util.Collections$SetFromMap@56473447
    m = "/* Could not access m */"
    s = "/* Could not access s */"
    serialVersionUID = "/* Could not access serialVersionUID */"
  CLASS_LOADING_TRACE_PREFIX = "com.ibm.ws.class.load."
  DEFAULT_PACKAGE = "default.package"
  perPackageClassLoadingTraceComponents = class java.util.concurrent.ConcurrentHashMap@261c453c
    serialVersionUID = "/* Could not access serialVersionUID */"
    MAXIMUM_CAPACITY = "/* Could not access MAXIMUM_CAPACITY */"
    DEFAULT_CAPACITY = "/* Could not access DEFAULT_CAPACITY */"
    MAX_ARRAY_SIZE = "/* Could not access MAX_ARRAY_SIZE */"
    DEFAULT_CONCURRENCY_LEVEL = "/* Could not access DEFAULT_CONCURRENCY_LEVEL */"
    LOAD_FACTOR = "/* Could not access LOAD_FACTOR */"
    TREEIFY_THRESHOLD = "/* Could not access TREEIFY_THRESHOLD */"
    UNTREEIFY_THRESHOLD = "/* Could not access UNTREEIFY_THRESHOLD */"
    MIN_TREEIFY_CAPACITY = "/* Could not access MIN_TREEIFY_CAPACITY */"
    MIN_TRANSFER_STRIDE = "/* Could not access MIN_TRANSFER_STRIDE */"
    RESIZE_STAMP_BITS = "/* Could not access RESIZE_STAMP_BITS */"
    MAX_RESIZERS = "/* Could not access MAX_RESIZERS */"
    RESIZE_STAMP_SHIFT = "/* Could not access RESIZE_STAMP_SHIFT */"
    MOVED = "/* Could not access MOVED */"
    TREEBIN = "/* Could not access TREEBIN */"
    RESERVED = "/* Could not access RESERVED */"
    HASH_BITS = "/* Could not access HASH_BITS */"
    NCPU = "/* Could not access NCPU */"
    serialPersistentFields = "/* Could not access serialPersistentFields */"
    table = "/* Could not access table */"
    nextTable = "/* Could not access nextTable */"
    baseCount = "/* Could not access baseCount */"
    sizeCtl = "/* Could not access sizeCtl */"
    transferIndex = "/* Could not access transferIndex */"
    cellsBusy = "/* Could not access cellsBusy */"
    counterCells = "/* Could not access counterCells */"
    keySet = "/* Could not access keySet */"
    values = "/* Could not access values */"
    entrySet = "/* Could not access entrySet */"
    U = "/* Could not access U */"
    SIZECTL = "/* Could not access SIZECTL */"
    TRANSFERINDEX = "/* Could not access TRANSFERINDEX */"
    BASECOUNT = "/* Could not access BASECOUNT */"
    CELLSBUSY = "/* Could not access CELLSBUSY */"
    CELLVALUE = "/* Could not access CELLVALUE */"
    ABASE = "/* Could not access ABASE */"
    ASHIFT = "/* Could not access ASHIFT */"
    keySet = "/* Could not access keySet */"
    values = "/* Could not access values */"
  config = class com.ibm.ws.classloading.internal.ClassLoaderConfigurationImpl@2e54f99d
    DEFAULT_PROTECTION_DOMAIN = class java.security.ProtectionDomain@4c8d092e
      filePermCompatInPD = "/* Could not access filePermCompatInPD */"
      codesource = "/* Could not access codesource */"
      classloader = "/* Could not access classloader */"
      principals = "/* Could not access principals */"
      permissions = "/* Could not access permissions */"
      hasAllPerm = "/* Could not access hasAllPerm */"
      staticPermissions = "/* Could not access staticPermissions */"
      key = "/* Could not access key */"
    delegateLast = false
    includeAppExtensions = true
    id = class com.ibm.ws.classloading.serializable.ClassLoaderIdentityImpl@5166b497
      serialVersionUID = 1
      DOMAIN = "D"
      ID = "I"
      serialPersistentFields = class java.io.ObjectStreamField[2]
      SEPARATOR = ":"
      domain = "WebModule"
      id = "liberty#liberty.war"
      $$$tc$$$ = class com.ibm.websphere.ras.TraceComponent@5f5f2c15
    parentId = null
    sharedLibraries = class java.util.ArrayList@b34daf9
      serialVersionUID = "/* Could not access serialVersionUID */"
      DEFAULT_CAPACITY = "/* Could not access DEFAULT_CAPACITY */"
      EMPTY_ELEMENTDATA = "/* Could not access EMPTY_ELEMENTDATA */"
      DEFAULTCAPACITY_EMPTY_ELEMENTDATA = "/* Could not access DEFAULTCAPACITY_EMPTY_ELEMENTDATA */"
      elementData = "/* Could not access elementData */"
      size = "/* Could not access size */"
      modCount = "/* Could not access modCount */"
    commonLibraries = class java.util.Collections$EmptyList@63f59feb
      serialVersionUID = "/* Could not access serialVersionUID */"
      modCount = "/* Could not access modCount */"
    providers = class java.util.Collections$EmptyList@63f59feb
    nativeLibraryContainers = class java.util.Collections$EmptyList@63f59feb
    protectionDomain = class java.security.ProtectionDomain@47952ec2
      filePermCompatInPD = "/* Could not access filePermCompatInPD */"
      codesource = "/* Could not access codesource */"
      classloader = "/* Could not access classloader */"
      principals = "/* Could not access principals */"
      permissions = "/* Could not access permissions */"
      hasAllPerm = "/* Could not access hasAllPerm */"
      staticPermissions = "/* Could not access staticPermissions */"
      key = "/* Could not access key */"
    serialVersionUID = 9091690180200375339
    $$$tc$$$ = class com.ibm.websphere.ras.TraceComponent@32921954
      strings[0] = "TraceComponent[com.ibm.ws.classloading.internal.ClassLoaderConfigurationImpl,class com.ibm.ws.classloading.internal.ClassLoaderConfigurationImpl,[ClassLoadingService],com.ibm.ws.classloading.internal.resources.ClassLoadingServiceMessages,null]"
  privateLibraries = null
  delegateLoaders = class com.ibm.ws.classloading.internal.util.CompositeIterable@a0076f2
    iterables = class java.util.Arrays$ArrayList@13ff57e3
      serialVersionUID = "/* Could not access serialVersionUID */"
      a = "/* Could not access a */"
      modCount = "/* Could not access modCount */"
    serialVersionUID = -1227195994638150837
    $$$tc$$$ = class com.ibm.websphere.ras.TraceComponent@52487842
      strings[0] = "TraceComponent[com.ibm.ws.classloading.internal.util.CompositeIterable,class com.ibm.ws.classloading.internal.util.CompositeIterable,[ClassLoadingService],com.ibm.ws.classloading.internal.resources.ClassLoadingServiceMessages,null]"
  nativeLibraryFiles = class java.util.ArrayList@650a9ef9
    serialVersionUID = "/* Could not access serialVersionUID */"
    DEFAULT_CAPACITY = "/* Could not access DEFAULT_CAPACITY */"
    EMPTY_ELEMENTDATA = "/* Could not access EMPTY_ELEMENTDATA */"
    DEFAULTCAPACITY_EMPTY_ELEMENTDATA = "/* Could not access DEFAULTCAPACITY_EMPTY_ELEMENTDATA */"
    elementData = "/* Could not access elementData */"
    size = "/* Could not access size */"
    modCount = "/* Could not access modCount */"
  transformers = class java.util.ArrayList@217b12c1
    serialVersionUID = "/* Could not access serialVersionUID */"
    DEFAULT_CAPACITY = "/* Could not access DEFAULT_CAPACITY */"
    EMPTY_ELEMENTDATA = "/* Could not access EMPTY_ELEMENTDATA */"
    DEFAULTCAPACITY_EMPTY_ELEMENTDATA = "/* Could not access DEFAULTCAPACITY_EMPTY_ELEMENTDATA */"
    elementData = "/* Could not access elementData */"
    size = "/* Could not access size */"
    modCount = "/* Could not access modCount */"
  apiAccess = class com.ibm.ws.classloading.internal.GatewayClassLoader@f4eac21
    config = class com.ibm.ws.classloading.internal.GatewayConfigurationImpl@2333f8ab
      bundleRequirements = null
      packageImports = null
      dynamicPackageImports = class java.util.Collections$UnmodifiableRandomAccessList@5ae9ca3d
      delegateToSystem = true
      apiTypeVisibility = class java.util.RegularEnumSet@48fa5234
      appName = "liberty"
      appVersion = null
    wiringMonitor = class com.ibm.ws.classloading.internal.GatewayClassLoader$1@e7d1d26
      this$0 = class com.ibm.ws.classloading.internal.GatewayClassLoader@f4eac21
      serialVersionUID = -6591900154872362572
      $$$tc$$$ = class com.ibm.websphere.ras.TraceComponent@3b3505bb
    bundle = class org.eclipse.osgi.internal.framework.EquinoxBundle@6871adf2
      equinoxContainer = class org.eclipse.osgi.internal.framework.EquinoxContainer@21e799b7
      module = class org.eclipse.osgi.internal.framework.EquinoxBundle$EquinoxModule@21cc9120
      monitor = class java.lang.Object@28e65ffa
      context = class org.eclipse.osgi.internal.framework.BundleContextImpl@67259575
      signerInfos = null
      $SWITCH_TABLE$org$eclipse$osgi$container$Module$State = {1,2,3,4,5,6,7} /* array length = 7 */
    wiring = class org.eclipse.osgi.container.ModuleWiring@41b8d1c5
      GET_CLASSLOADER_PERM = class java.lang.RuntimePermission@3271b74b
      DYNAMICALLY_ADDED_IMPORT_DIRECTIVE = "x.dynamically.added"
      revision = class org.eclipse.osgi.container.ModuleRevision@795bf0fc
      capabilities = class java.util.ArrayList@24566bfe
      requirements = class java.util.ArrayList@30bb9c86
      substitutedPkgNames = class java.util.Collections$EmptyList@63f59feb
      loader = class org.eclipse.osgi.internal.container.AtomicLazyInitializer@63a3b71c
      loaderInitializer = class org.eclipse.osgi.container.ModuleWiring$LoaderInitializer@5c579fcc
      providedWires = class java.util.ArrayList@4b490623
      requiredWires = class java.util.ArrayList@27fafc60
      isValid = true
      dynamicMissRef = class java.util.concurrent.atomic.AtomicReference@599fa4d4
    bundleLoader = class org.eclipse.osgi.internal.loader.EquinoxClassLoader@4f47e88d
      EQUINOX_REGISTERED_AS_PARALLEL = true
      configuration = class org.eclipse.osgi.internal.framework.EquinoxConfiguration@7a928207
      debug = class org.eclipse.osgi.internal.debug.Debug@3f9259e4
      delegate = class org.eclipse.osgi.internal.loader.BundleLoader@2511c863
      generation = class org.eclipse.osgi.storage.BundleInfo$Generation@6e546f89
      manager = class org.eclipse.osgi.internal.loader.classpath.ClasspathManager@385afe
      isRegisteredAsParallel = true
      ALLPERMISSIONS = class java.security.AllPermissionCollection@6b1e96e
      REGISTERED_AS_PARALLEL = true
      classNameLocks = class java.util.HashMap@4b54e616
      pkgLock = class java.lang.Object@9f9ba28
    resourceProviders = class com.ibm.ws.classloading.internal.CompositeResourceProvider@2f35140e
      lockFactory = class java.util.concurrent.locks.ReentrantReadWriteLock@42aada68
      providerMap = class com.ibm.ws.classloading.internal.util.MultiMap@32bc3eeb
      serialVersionUID = -5576435894946156347
      $$$tc$$$ = class com.ibm.websphere.ras.TraceComponent@1e0a84b
    serialVersionUID = -4256474098847905153
    $$$tc$$$ = class com.ibm.websphere.ras.TraceComponent@639614b3
      strings[0] = "TraceComponent[com.ibm.ws.classloading.internal.GatewayClassLoader,class com.ibm.ws.classloading.internal.GatewayClassLoader,[ClassLoadingService],com.ibm.ws.classloading.internal.resources.ClassLoadingServiceMessages,null]"
  generator = class com.ibm.ws.classloading.internal.ClassGeneratorManager@286a8f62
    tc = class com.ibm.websphere.ras.TraceComponent@232dcf41
      strings[0] = "TraceComponent[com.ibm.ws.classloading.internal.ClassGeneratorManager,class com.ibm.ws.classloading.internal.ClassGeneratorManager,[ClassLoadingService],com.ibm.ws.classloading.internal.resources.ClassLoadingServiceMessages,null]"
    generatorRefs = class com.ibm.wsspi.kernel.service.utils.ConcurrentServiceReferenceSet@41852599
      referenceName = "generators"
      contextRef = class java.util.concurrent.atomic.AtomicReference@758dcaa7
      elementMap = class java.util.LinkedHashMap@57b4fa4c
      elementSet = class java.util.concurrent.ConcurrentSkipListSet@43187aa5
      elementSetUnsorted = false
      serialVersionUID = 756240983881166148
      $$$tc$$$ = class com.ibm.websphere.ras.TraceComponent@5f5f9b5c
    serialVersionUID = 4152663586056483310
  protectionDomains = class java.util.concurrent.ConcurrentHashMap@21d4db7b
    serialVersionUID = "/* Could not access serialVersionUID */"
    MAXIMUM_CAPACITY = "/* Could not access MAXIMUM_CAPACITY */"
    DEFAULT_CAPACITY = "/* Could not access DEFAULT_CAPACITY */"
    MAX_ARRAY_SIZE = "/* Could not access MAX_ARRAY_SIZE */"
    DEFAULT_CONCURRENCY_LEVEL = "/* Could not access DEFAULT_CONCURRENCY_LEVEL */"
    LOAD_FACTOR = "/* Could not access LOAD_FACTOR */"
    TREEIFY_THRESHOLD = "/* Could not access TREEIFY_THRESHOLD */"
    UNTREEIFY_THRESHOLD = "/* Could not access UNTREEIFY_THRESHOLD */"
    MIN_TREEIFY_CAPACITY = "/* Could not access MIN_TREEIFY_CAPACITY */"
    MIN_TRANSFER_STRIDE = "/* Could not access MIN_TRANSFER_STRIDE */"
    RESIZE_STAMP_BITS = "/* Could not access RESIZE_STAMP_BITS */"
    MAX_RESIZERS = "/* Could not access MAX_RESIZERS */"
    RESIZE_STAMP_SHIFT = "/* Could not access RESIZE_STAMP_SHIFT */"
    MOVED = "/* Could not access MOVED */"
    TREEBIN = "/* Could not access TREEBIN */"
    RESERVED = "/* Could not access RESERVED */"
    HASH_BITS = "/* Could not access HASH_BITS */"
    NCPU = "/* Could not access NCPU */"
    serialPersistentFields = "/* Could not access serialPersistentFields */"
    table = "/* Could not access table */"
    nextTable = "/* Could not access nextTable */"
    baseCount = "/* Could not access baseCount */"
    sizeCtl = "/* Could not access sizeCtl */"
    transferIndex = "/* Could not access transferIndex */"
    cellsBusy = "/* Could not access cellsBusy */"
    counterCells = "/* Could not access counterCells */"
    keySet = "/* Could not access keySet */"
    values = "/* Could not access values */"
    entrySet = "/* Could not access entrySet */"
    U = "/* Could not access U */"
    SIZECTL = "/* Could not access SIZECTL */"
    TRANSFERINDEX = "/* Could not access TRANSFERINDEX */"
    BASECOUNT = "/* Could not access BASECOUNT */"
    CELLSBUSY = "/* Could not access CELLSBUSY */"
    CELLVALUE = "/* Could not access CELLVALUE */"
    ABASE = "/* Could not access ABASE */"
    ASHIFT = "/* Could not access ASHIFT */"
    keySet = "/* Could not access keySet */"
    values = "/* Could not access values */"
  parent = class com.ibm.ws.classloading.internal.GatewayClassLoader@f4eac21
  hook = null
  serialVersionUID = 8734164900246230615
  tc = class com.ibm.websphere.ras.TraceComponent@2e61f98e
    strings[0] = "TraceComponent[com.ibm.ws.classloading.internal.ContainerClassLoader,class com.ibm.ws.classloading.internal.ContainerClassLoader,[ClassLoadingService],com.ibm.ws.classloading.internal.resources.ClassLoadingServiceMessages,null]"
  smartClassPath = class com.ibm.ws.classloading.internal.ContainerClassLoader$SmartClassPathImpl@109874ee
    rwLock = class java.util.concurrent.locks.ReentrantReadWriteLock@758dfc97
      serialVersionUID = "/* Could not access serialVersionUID */"
      readerLock = "/* Could not access readerLock */"
      writerLock = "/* Could not access writerLock */"
      sync = "/* Could not access sync */"
    outstandingContainers = class java.util.concurrent.atomic.AtomicInteger@72bc3d1a
      serialVersionUID = "/* Could not access serialVersionUID */"
      U = "/* Could not access U */"
      VALUE = "/* Could not access VALUE */"
      value = "/* Could not access value */"
      serialVersionUID = "/* Could not access serialVersionUID */"
    usePackageMap = true
    maxLastNotFound = 250
    maxLastFound = 900
    maxLastReallyNotFound = 900
    propsInUse = false
    classPath = class java.util.concurrent.CopyOnWriteArrayList@752ec227
      serialVersionUID = "/* Could not access serialVersionUID */"
      lock = "/* Could not access lock */"
      array = "/* Could not access array */"
    MAX_LASTNOTFOUND = 250
    lastNotFound = class java.util.concurrent.CopyOnWriteArrayList@674ed7d
      serialVersionUID = "/* Could not access serialVersionUID */"
      lock = "/* Could not access lock */"
      array = "/* Could not access array */"
    MAX_LASTFOUND = 900
    lastFoundURL = class java.util.Collections$SynchronizedMap@15b35444
      serialVersionUID = "/* Could not access serialVersionUID */"
      m = "/* Could not access m */"
      mutex = "/* Could not access mutex */"
      keySet = "/* Could not access keySet */"
      entrySet = "/* Could not access entrySet */"
      values = "/* Could not access values */"
    MAX_LASTREALLYNOTFOUND = 900
    lastReallyNotFoundURL = class java.util.Collections$SynchronizedMap@168f832f
      serialVersionUID = "/* Could not access serialVersionUID */"
      m = "/* Could not access m */"
      mutex = "/* Could not access mutex */"
      keySet = "/* Could not access keySet */"
      entrySet = "/* Could not access entrySet */"
      values = "/* Could not access values */"
    packageMap = class java.util.HashMap@34b33c63
      serialVersionUID = "/* Could not access serialVersionUID */"
      DEFAULT_INITIAL_CAPACITY = "/* Could not access DEFAULT_INITIAL_CAPACITY */"
      MAXIMUM_CAPACITY = "/* Could not access MAXIMUM_CAPACITY */"
      DEFAULT_LOAD_FACTOR = "/* Could not access DEFAULT_LOAD_FACTOR */"
      TREEIFY_THRESHOLD = "/* Could not access TREEIFY_THRESHOLD */"
      UNTREEIFY_THRESHOLD = "/* Could not access UNTREEIFY_THRESHOLD */"
      MIN_TREEIFY_CAPACITY = "/* Could not access MIN_TREEIFY_CAPACITY */"
      table = "/* Could not access table */"
      entrySet = "/* Could not access entrySet */"
      size = "/* Could not access size */"
      modCount = "/* Could not access modCount */"
      threshold = "/* Could not access threshold */"
      loadFactor = "/* Could not access loadFactor */"
      keySet = "/* Could not access keySet */"
      values = "/* Could not access values */"
    containers = class java.util.Collections$SetFromMap@150d308d
      m = "/* Could not access m */"
      s = "/* Could not access s */"
      serialVersionUID = "/* Could not access serialVersionUID */"
    serialVersionUID = 1586111247084489525
    $$$tc$$$ = class com.ibm.websphere.ras.TraceComponent@759604c1
      strings[0] = "TraceComponent[com.ibm.ws.classloading.internal.ContainerClassLoader$SmartClassPathImpl,class com.ibm.ws.classloading.internal.ContainerClassLoader$SmartClassPathImpl,[ClassLoadingService],com.ibm.ws.classloading.internal.resources.ClassLoadingServiceMessages,null]"
  nativeLibraryContainers = class java.util.ArrayList@690c9126
    serialVersionUID = "/* Could not access serialVersionUID */"
    DEFAULT_CAPACITY = "/* Could not access DEFAULT_CAPACITY */"
    EMPTY_ELEMENTDATA = "/* Could not access EMPTY_ELEMENTDATA */"
    DEFAULTCAPACITY_EMPTY_ELEMENTDATA = "/* Could not access DEFAULTCAPACITY_EMPTY_ELEMENTDATA */"
    elementData = "/* Could not access elementData */"
    size = "/* Could not access size */"
    modCount = "/* Could not access modCount */"
  redefiner = class com.ibm.ws.classloading.internal.util.ClassRedefiner@156102fa
    tc = class com.ibm.websphere.ras.TraceComponent@1b1f53f0
      strings[0] = "TraceComponent[com.ibm.ws.classloading.internal.util.ClassRedefiner,class com.ibm.ws.classloading.internal.util.ClassRedefiner,[ClassLoadingService],com.ibm.ws.classloading.internal.resources.ClassLoadingServiceMessages,null]"
    LS = "
"
    inst = class com.sun.proxy.$Proxy3@1a13571c
      m1 = class java.lang.reflect.Method@672c5e3d
      m10 = class java.lang.reflect.Method@6e5f212f
      m13 = class java.lang.reflect.Method@2571ea4
      m5 = class java.lang.reflect.Method@463bcc3c
      m9 = class java.lang.reflect.Method@4363af70
      m6 = class java.lang.reflect.Method@54a2b86a
      m2 = class java.lang.reflect.Method@6eba2e64
      m12 = class java.lang.reflect.Method@767845a3
      m14 = class java.lang.reflect.Method@28be7c33
      m18 = class java.lang.reflect.Method@699ee0a6
      m4 = class java.lang.reflect.Method@56683aff
      m7 = class java.lang.reflect.Method@628928cc
      m0 = class java.lang.reflect.Method@398d9f4a
      m3 = class java.lang.reflect.Method@2708d30d
      m17 = class java.lang.reflect.Method@3020aad1
      m19 = class java.lang.reflect.Method@1bc43b51
      m11 = class java.lang.reflect.Method@4ee690ac
      m15 = class java.lang.reflect.Method@2f17a2c6
      m8 = class java.lang.reflect.Method@1ad4e3d7
      m16 = class java.lang.reflect.Method@20704d6f
      serialVersionUID = "/* Could not access serialVersionUID */"
      constructorParams = "/* Could not access constructorParams */"
      proxyCache = "/* Could not access proxyCache */"
      h = "/* Could not access h */"
      EMPTY_CLASS_ARRAY = "/* Could not access EMPTY_CLASS_ARRAY */"
      PROXY_PACKAGE_PREFIX = "/* Could not access PROXY_PACKAGE_PREFIX */"
    serialVersionUID = 2420101865139508526
  jarProtocol = "wsjar:"
  mapCreationQueue = class java.util.concurrent.Executors$FinalizableDelegatedExecutorService@12e91c2e
    e = "/* Could not access e */"
  serialVersionUID = 6399598832433768509
  serialVersionUID = 1837293532091806117
  $$$tc$$$ = class com.ibm.websphere.ras.TraceComponent@2e3058a4
    strings[0] = "TraceComponent[com.ibm.ws.classloading.internal.IdentifiedLoader,class com.ibm.ws.classloading.internal.IdentifiedLoader,[ClassLoadingService],com.ibm.ws.classloading.internal.resources.ClassLoadingServiceMessages,null]"
  serialVersionUID = -4586727107834513475
  $$$tc$$$ = class com.ibm.websphere.ras.TraceComponent@10817562
    strings[0] = "TraceComponent[com.ibm.ws.classloading.internal.LibertyLoader,class com.ibm.ws.classloading.internal.LibertyLoader,[ClassLoadingService],com.ibm.ws.classloading.internal.resources.ClassLoadingServiceMessages,null]"
  serialVersionUID = -7709588811276454856
  $$$tc$$$ = class com.ibm.websphere.ras.TraceComponent@5d991d95
    strings[0] = "TraceComponent[com.ibm.ws.classloading.LibertyClassLoader,class com.ibm.ws.classloading.LibertyClassLoader,[ClassLoadingService],com.ibm.ws.classloading.internal.resources.ClassLoadingServiceMessages,null]"
  pdcache = "/* Could not access pdcache */"

Dump of objectArray[4]
Object type = java.lang.Boolean
  TRUE = true
  FALSE = false
  TYPE = class java.lang.Class@6fa5aa9a
    ANNOTATION = "/* Could not access ANNOTATION */"
    ENUM = "/* Could not access ENUM */"
    SYNTHETIC = "/* Could not access SYNTHETIC */"
    cachedConstructor = "/* Could not access cachedConstructor */"
    name = "/* Could not access name */"
    module = "/* Could not access module */"
    packageName = "/* Could not access packageName */"
    componentType = "/* Could not access componentType */"
    allPermDomain = "/* Could not access allPermDomain */"
    reflectionData = "/* Could not access reflectionData */"
    classRedefinedCount = "/* Could not access classRedefinedCount */"
    genericInfo = "/* Could not access genericInfo */"
    EMPTY_CLASS_ARRAY = "/* Could not access EMPTY_CLASS_ARRAY */"
    serialVersionUID = "/* Could not access serialVersionUID */"
    serialPersistentFields = "/* Could not access serialPersistentFields */"
    reflectionFactory = "/* Could not access reflectionFactory */"
    enumConstants = "/* Could not access enumConstants */"
    enumConstantDirectory = "/* Could not access enumConstantDirectory */"
    annotationData = "/* Could not access annotationData */"
    annotationType = "/* Could not access annotationType */"
    classValueMap = "/* Could not access classValueMap */"
  value = "/* Could not access value */"
  serialVersionUID = "/* Could not access serialVersionUID */"

