********************************************************************************
product = Open Liberty 20.0.0.10 (wlp-1.0.45.cl201020200915-1100)
wlp.install.dir = /Users/emilyjiang/Downloads/liberty/service-a/target/liberty/wlp/
java.home = /usr/local/Cellar/openjdk/13.0.2+8_2/libexec/openjdk.jdk/Contents/Home
java.version = 13.0.2
java.runtime = OpenJDK Runtime Environment (13.0.2+8)
os = Mac OS X (10.15.1; x86_64) (en_GB)
process = 60759@Emilys-MBP
********************************************************************************
[05/10/2020, 15:37:59:755 BST] 00000001 com.ibm.ws.kernel.launch.internal.FrameworkManager           A CWWKE0001I: The server liberty has been launched.
[05/10/2020, 15:38:00:496 BST] 00000001 com.ibm.ws.kernel.launch.internal.FrameworkManager           I CWWKE0002I: The kernel started after 0.942 seconds
[05/10/2020, 15:38:00:545 BST] 0000002b com.ibm.ws.kernel.feature.internal.FeatureManager            I CWWKF0007I: Feature update started.
[05/10/2020, 15:38:01:874 BST] 00000021 .apache.cxf.cxf.core.3.2:1.0.45.cl201020200915-1100(id=153)] I Aries Blueprint packages not available. So namespaces will not be registered
[05/10/2020, 15:38:01:876 BST] 00000023 .apache.cxf.cxf.core.3.2:1.0.45.cl201020200915-1100(id=153)] I Aries Blueprint packages not available. So namespaces will not be registered
[05/10/2020, 15:38:01:939 BST] 0000001f com.ibm.ws.security.ready.internal.SecurityReadyServiceImpl  I CWWKS0007I: The security service is starting...
[05/10/2020, 15:38:02:152 BST] 00000021 com.ibm.ws.app.manager.internal.monitor.DropinMonitor        A CWWKZ0058I: Monitoring dropins for applications.
[05/10/2020, 15:38:02:283 BST] 00000021 com.ibm.ws.cache.ServerCache                                 I DYNA1001I: WebSphere Dynamic Cache instance named baseCache initialized successfully.
[05/10/2020, 15:38:02:285 BST] 00000021 com.ibm.ws.cache.ServerCache                                 I DYNA1071I: The cache provider default is being used.
[05/10/2020, 15:38:02:286 BST] 00000021 com.ibm.ws.cache.CacheServiceImpl                            I DYNA1056I: Dynamic Cache (object cache) initialized successfully.
[05/10/2020, 15:38:02:750 BST] 00000027 com.ibm.ws.ssl.config.WSKeyStore                             I CWPKI0802I: Creating the SSL certificate. This may take a few seconds.
[05/10/2020, 15:38:02:775 BST] 00000038 com.ibm.ws.security.token.ltpa.internal.LTPAKeyInfoManager   I CWWKS4103I: Creating the LTPA keys. This may take a few seconds.
[05/10/2020, 15:38:02:807 BST] 0000001f ibm.ws.security.authentication.internal.jaas.JAASServiceImpl I CWWKS1123I: The collective authentication plugin with class name NullCollectiveAuthenticationPlugin has been activated. 
[05/10/2020, 15:38:02:983 BST] 0000001f com.ibm.ws.security.jwt.internal.ConsumerImpl                I CWWKS6012I: The JSON Web Token (JWT) consumer service is available.
[05/10/2020, 15:38:03:004 BST] 0000001f com.ibm.ws.security.jwt.web.JwtEndpointServices              I CWWKS6002I: The JSON Web Token (JWT) endpoint service is available.
[05/10/2020, 15:38:03:025 BST] 0000001f .ws.security.mp.jwt.v11.config.impl.MpConfigProxyServiceImpl I CWWKS5775I: The MicroProfile JWT version 1.1 mpConfigProxy processed successfully.
[05/10/2020, 15:38:03:039 BST] 0000001f com.ibm.ws.security.mp.jwt.impl.MicroProfileJwtServiceImpl   I CWWKS5500I: The MicroProfile JWT configuration [MicroProfileJwtService] was successfully processed.
[05/10/2020, 15:38:03:041 BST] 0000001f com.ibm.ws.security.mp.jwt.impl.MicroProfileJwtConfigImpl    I CWWKS5500I: The MicroProfile JWT configuration [defaultMpJwt] was successfully processed.
[05/10/2020, 15:38:03:042 BST] 0000001f com.ibm.ws.security.mp.jwt.impl.MicroProfileJwtConfigImpl    I CWWKS5500I: The MicroProfile JWT configuration [jwtUserConsumer] was successfully processed.
[05/10/2020, 15:38:03:378 BST] 0000001f com.ibm.ws.session.WASSessionCore                            I SESN8501I: The session manager did not find a persistent storage location; HttpSession objects will be stored in the local application server's memory.
[05/10/2020, 15:38:03:382 BST] 00000027 com.ibm.ws.ssl.config.WSKeyStore                             A CWPKI0803A: SSL certificate created in 0.632 seconds. SSL key file: /Users/emilyjiang/Downloads/liberty/service-a/target/liberty/wlp/usr/servers/liberty/resources/security/public.jks
[05/10/2020, 15:38:03:382 BST] 00000027 com.ibm.ws.ssl.config.WSKeyStore                             I Successfully loaded default keystore: /Users/emilyjiang/Downloads/liberty/service-a/target/liberty/wlp/usr/servers/liberty/resources/security/public.jks of type: JKS
[05/10/2020, 15:38:03:438 BST] 0000001f om.ibm.ws.microprofile.metrics.monitor.MonitorMetricsHandler I CWPMI2003I: Monitoring metrics can be retrieved through mpMetrics.
[05/10/2020, 15:38:03:588 BST] 00000038 com.ibm.ws.security.token.ltpa.internal.LTPAKeyInfoManager   A CWWKS4104A: LTPA keys created in 0.814 seconds. LTPA key file: /Users/emilyjiang/Downloads/liberty/service-a/target/liberty/wlp/usr/servers/liberty/resources/security/ltpa.keys
[05/10/2020, 15:38:03:592 BST] 00000038 com.ibm.ws.security.token.ltpa.internal.LTPAKeyCreateTask    I CWWKS4105I: LTPA configuration is ready after 0.823 seconds.
[05/10/2020, 15:38:03:845 BST] 0000004d com.ibm.ws.app.manager.AppMessageHelper                      I CWWKZ0018I: Starting application liberty.
[05/10/2020, 15:38:03:847 BST] 0000004d bm.ws.app.manager.war.internal.WARDeployedAppInfoFactoryImpl I CWWKZ0134I: The liberty application is using the loose application definition at the /Users/emilyjiang/Downloads/liberty/service-a/target/liberty/wlp/usr/servers/liberty/apps/liberty.war.xml location.
[05/10/2020, 15:38:04:112 BST] 00000048 com.ibm.ws.webcontainer.osgi.webapp.WebGroup                 I SRVE0169I: Loading Web Module: PublicMicroProfileMetrics.
[05/10/2020, 15:38:04:115 BST] 0000004c com.ibm.ws.webcontainer.osgi.webapp.WebGroup                 I SRVE0169I: Loading Web Module: ibm/api.
[05/10/2020, 15:38:04:115 BST] 00000049 com.ibm.ws.webcontainer.osgi.webapp.WebGroup                 I SRVE0169I: Loading Web Module: MicroProfileOpenAPI.
[05/10/2020, 15:38:04:113 BST] 0000004b com.ibm.ws.webcontainer.osgi.webapp.WebGroup                 I SRVE0169I: Loading Web Module: health.
[05/10/2020, 15:38:04:116 BST] 0000004c com.ibm.ws.webcontainer                                      I SRVE0250I: Web Module ibm/api has been bound to default_host.
[05/10/2020, 15:38:04:117 BST] 00000049 com.ibm.ws.webcontainer                                      I SRVE0250I: Web Module MicroProfileOpenAPI has been bound to default_host.
[05/10/2020, 15:38:04:117 BST] 0000004b com.ibm.ws.webcontainer                                      I SRVE0250I: Web Module health has been bound to default_host.
[05/10/2020, 15:38:04:112 BST] 00000047 com.ibm.ws.webcontainer.osgi.webapp.WebGroup                 I SRVE0169I: Loading Web Module: com.ibm.ws.security.jwt.
[05/10/2020, 15:38:04:117 BST] 00000047 com.ibm.ws.webcontainer                                      I SRVE0250I: Web Module com.ibm.ws.security.jwt has been bound to default_host.
[05/10/2020, 15:38:04:115 BST] 0000004a com.ibm.ws.webcontainer.osgi.webapp.WebGroup                 I SRVE0169I: Loading Web Module: OpenAPIUI.
[05/10/2020, 15:38:04:118 BST] 0000004a com.ibm.ws.webcontainer                                      I SRVE0250I: Web Module OpenAPIUI has been bound to default_host.
[05/10/2020, 15:38:04:116 BST] 00000048 com.ibm.ws.webcontainer                                      I SRVE0250I: Web Module PublicMicroProfileMetrics has been bound to default_host.
[05/10/2020, 15:38:04:118 BST] 0000004c com.ibm.ws.http.internal.VirtualHostImpl                     A CWWKT0016I: Web application available (default_host): http://localhost:9080/ibm/api/
[05/10/2020, 15:38:04:120 BST] 00000048 com.ibm.ws.http.internal.VirtualHostImpl                     A CWWKT0016I: Web application available (default_host): http://localhost:9080/metrics/
[05/10/2020, 15:38:04:121 BST] 0000004a com.ibm.ws.http.internal.VirtualHostImpl                     A CWWKT0016I: Web application available (default_host): http://localhost:9080/openapi/ui/
[05/10/2020, 15:38:04:121 BST] 00000047 com.ibm.ws.http.internal.VirtualHostImpl                     A CWWKT0016I: Web application available (default_host): http://localhost:9080/jwt/
[05/10/2020, 15:38:04:121 BST] 0000004b com.ibm.ws.http.internal.VirtualHostImpl                     A CWWKT0016I: Web application available (default_host): http://localhost:9080/health/
[05/10/2020, 15:38:04:122 BST] 00000049 com.ibm.ws.http.internal.VirtualHostImpl                     A CWWKT0016I: Web application available (default_host): http://localhost:9080/openapi/
[05/10/2020, 15:38:04:178 BST] 00000055 com.ibm.ws.session.WASSessionCore                            I SESN0176I: A new session context will be created for application key default_host/health
[05/10/2020, 15:38:04:184 BST] 0000002e com.ibm.ws.session.WASSessionCore                            I SESN0176I: A new session context will be created for application key default_host/ibm/api
[05/10/2020, 15:38:04:184 BST] 00000056 com.ibm.ws.session.WASSessionCore                            I SESN0176I: A new session context will be created for application key default_host/openapi/ui
[05/10/2020, 15:38:04:184 BST] 0000002d com.ibm.ws.session.WASSessionCore                            I SESN0176I: A new session context will be created for application key default_host/jwt
[05/10/2020, 15:38:04:184 BST] 00000053 com.ibm.ws.session.WASSessionCore                            I SESN0176I: A new session context will be created for application key default_host/metrics
[05/10/2020, 15:38:04:184 BST] 00000054 com.ibm.ws.session.WASSessionCore                            I SESN0176I: A new session context will be created for application key default_host/openapi
[05/10/2020, 15:38:04:276 BST] 00000055 com.ibm.ws.util                                              I SESN0172I: The session manager is using the Java default SecureRandom implementation for session ID generation.
[05/10/2020, 15:38:04:286 BST] 00000054 com.ibm.ws.util                                              I SESN0172I: The session manager is using the Java default SecureRandom implementation for session ID generation.
[05/10/2020, 15:38:04:287 BST] 00000053 com.ibm.ws.util                                              I SESN0172I: The session manager is using the Java default SecureRandom implementation for session ID generation.
[05/10/2020, 15:38:04:293 BST] 0000002e com.ibm.ws.util                                              I SESN0172I: The session manager is using the Java default SecureRandom implementation for session ID generation.
[05/10/2020, 15:38:04:297 BST] 0000002d com.ibm.ws.util                                              I SESN0172I: The session manager is using the Java default SecureRandom implementation for session ID generation.
[05/10/2020, 15:38:04:298 BST] 00000056 com.ibm.ws.util                                              I SESN0172I: The session manager is using the Java default SecureRandom implementation for session ID generation.
[05/10/2020, 15:38:04:334 BST] 00000056 com.ibm.ws.cache.CacheServiceImpl                            I DYNA1056I: Dynamic Cache (object cache) initialized successfully.
[05/10/2020, 15:38:04:610 BST] 00000054 com.ibm.ws.webcontainer.servlet                              I SRVE0242I: [com.ibm.ws.microprofile.openapi] [/openapi] [OpenAPIServlet]: Initialization successful.
[05/10/2020, 15:38:04:613 BST] 00000053 com.ibm.ws.webcontainer.servlet                              I SRVE0242I: [com.ibm.ws.microprofile.metrics.public] [/metrics] [PublicMetricsRESTProxyServlet]: Initialization successful.
[05/10/2020, 15:38:04:618 BST] 00000055 com.ibm.ws.webcontainer.servlet                              I SRVE0242I: [com.ibm.ws.microprofile.health.2.0] [/health] [HealthCheckReadinessServlet]: Initialization successful.
[05/10/2020, 15:38:04:620 BST] 00000055 com.ibm.ws.webcontainer.servlet                              I SRVE0242I: [com.ibm.ws.microprofile.health.2.0] [/health] [HealthCheckServlet]: Initialization successful.
[05/10/2020, 15:38:04:649 BST] 00000055 com.ibm.ws.webcontainer.servlet                              I SRVE0242I: [com.ibm.ws.microprofile.health.2.0] [/health] [HealthCheckLivenessServlet]: Initialization successful.
[05/10/2020, 15:38:04:765 BST] 0000004b com.ibm.ws.webcontainer.osgi.mbeans.PluginGenerator          I SRVE9103I: A configuration file for a web server plugin was automatically generated for this server at /Users/emilyjiang/Downloads/liberty/service-a/target/liberty/wlp/usr/servers/liberty/logs/state/plugin-cfg.xml.
[05/10/2020, 15:38:05:853 BST] 0000004d com.ibm.ws.microprofile.openapi.ApplicationProcessor         I CWWKO1660I: The application liberty was processed and an OpenAPI document was produced.
[05/10/2020, 15:38:05:889 BST] 0000004d org.jboss.weld.Version                                       I WELD-000900: 3.1.4 (Final)
[05/10/2020, 15:38:07:955 BST] 0000004d com.ibm.ws.webcontainer.osgi.webapp.WebGroup                 I SRVE0169I: Loading Web Module: liberty.
[05/10/2020, 15:38:07:955 BST] 0000004d com.ibm.ws.webcontainer                                      I SRVE0250I: Web Module liberty has been bound to default_host.
[05/10/2020, 15:38:07:956 BST] 0000004d com.ibm.ws.http.internal.VirtualHostImpl                     A CWWKT0016I: Web application available (default_host): http://localhost:9080/
[05/10/2020, 15:38:07:960 BST] 00000056 com.ibm.ws.session.WASSessionCore                            I SESN0176I: A new session context will be created for application key default_host/
[05/10/2020, 15:38:07:961 BST] 00000056 com.ibm.ws.util                                              I SESN0172I: The session manager is using the Java default SecureRandom implementation for session ID generation.
[05/10/2020, 15:38:07:992 BST] 00000041 com.ibm.ws.webcontainer.osgi.mbeans.PluginGenerator          I SRVE9103I: A configuration file for a web server plugin was automatically generated for this server at /Users/emilyjiang/Downloads/liberty/service-a/target/liberty/wlp/usr/servers/liberty/logs/state/plugin-cfg.xml.
[05/10/2020, 15:38:08:006 BST] 00000056 com.ibm.ws.app.manager.AppMessageHelper                      A CWWKZ0001I: Application liberty started in 4.162 seconds.
[05/10/2020, 15:38:08:025 BST] 0000002b com.ibm.ws.tcpchannel.internal.TCPPort                       I CWWKO0219I: TCP Channel defaultHttpEndpoint has been started and is now listening for requests on host localhost  (IPv4: 127.0.0.1) port 9080.
[05/10/2020, 15:38:08:028 BST] 0000002b com.ibm.ws.tcpchannel.internal.TCPPort                       I CWWKO0219I: TCP Channel defaultHttpEndpoint-ssl has been started and is now listening for requests on host localhost  (IPv4: 127.0.0.1) port 9443.
[05/10/2020, 15:38:08:051 BST] 0000002b com.ibm.ws.kernel.feature.internal.FeatureManager            A CWWKF0012I: The server installed the following features: [appSecurity-2.0, cdi-2.0, concurrent-1.0, distributedMap-1.0, jaxrs-2.1, jaxrsClient-2.1, jndi-1.0, json-1.0, jsonb-1.0, jsonp-1.1, jwt-1.0, microProfile-3.3, monitor-1.0, mpConfig-1.4, mpFaultTolerance-2.1, mpHealth-2.2, mpJwt-1.1, mpMetrics-2.3, mpOpenAPI-1.1, mpOpenTracing-1.3, mpRestClient-1.4, opentracing-1.3, servlet-4.0, ssl-1.0].
[05/10/2020, 15:38:08:052 BST] 0000002b com.ibm.ws.kernel.feature.internal.FeatureManager            I CWWKF0008I: Feature update completed in 7.558 seconds.
[05/10/2020, 15:38:08:052 BST] 0000002b com.ibm.ws.kernel.feature.internal.FeatureManager            A CWWKF0011I: The liberty server is ready to run a smarter planet. The liberty server started in 8.501 seconds.
[05/10/2020, 15:38:10:641 BST] 00000050 com.ibm.ws.http.internal.VirtualHostImpl                     A CWWKT0017I: Web application removed (default_host): http://localhost:9080/
[05/10/2020, 15:38:10:683 BST] 00000050 com.ibm.ws.app.manager.AppMessageHelper                      A CWWKZ0009I: The application liberty has stopped successfully.
[05/10/2020, 15:38:10:690 BST] 00000050 com.ibm.ws.app.manager.AppMessageHelper                      I CWWKZ0018I: Starting application liberty.
[05/10/2020, 15:38:10:690 BST] 00000050 bm.ws.app.manager.war.internal.WARDeployedAppInfoFactoryImpl I CWWKZ0134I: The liberty application is using the loose application definition at the /Users/emilyjiang/Downloads/liberty/service-a/target/liberty/wlp/usr/servers/liberty/apps/liberty.war.xml location.
[05/10/2020, 15:38:10:711 BST] 0000002f com.ibm.ws.webcontainer.osgi.mbeans.PluginGenerator          I SRVE9103I: A configuration file for a web server plugin was automatically generated for this server at /Users/emilyjiang/Downloads/liberty/service-a/target/liberty/wlp/usr/servers/liberty/logs/state/plugin-cfg.xml.
[05/10/2020, 15:38:11:084 BST] 00000050 com.ibm.ws.microprofile.openapi.ApplicationProcessor         I CWWKO1660I: The application liberty was processed and an OpenAPI document was produced.
[05/10/2020, 15:38:11:942 BST] 00000050 com.ibm.ws.webcontainer.osgi.webapp.WebGroup                 I SRVE0169I: Loading Web Module: liberty.
[05/10/2020, 15:38:11:942 BST] 00000050 com.ibm.ws.webcontainer                                      I SRVE0250I: Web Module liberty has been bound to default_host.
[05/10/2020, 15:38:11:942 BST] 00000050 com.ibm.ws.http.internal.VirtualHostImpl                     A CWWKT0016I: Web application available (default_host): http://localhost:9080/
[05/10/2020, 15:38:11:944 BST] 00000035 com.ibm.ws.session.WASSessionCore                            I SESN0176I: A new session context will be created for application key default_host/
[05/10/2020, 15:38:11:944 BST] 00000035 com.ibm.ws.util                                              I SESN0172I: The session manager is using the Java default SecureRandom implementation for session ID generation.
[05/10/2020, 15:38:11:961 BST] 0000004d com.ibm.ws.webcontainer.osgi.mbeans.PluginGenerator          I SRVE9103I: A configuration file for a web server plugin was automatically generated for this server at /Users/emilyjiang/Downloads/liberty/service-a/target/liberty/wlp/usr/servers/liberty/logs/state/plugin-cfg.xml.
[05/10/2020, 15:38:11:962 BST] 00000035 com.ibm.ws.app.manager.AppMessageHelper                      A CWWKZ0003I: The application liberty updated in 1.272 seconds.
[05/10/2020, 15:39:54:383 BST] 00000040 com.ibm.ws.http.internal.VirtualHostImpl                     A CWWKT0017I: Web application removed (default_host): http://localhost:9080/
[05/10/2020, 15:39:54:392 BST] 00000040 com.ibm.ws.app.manager.AppMessageHelper                      A CWWKZ0009I: The application liberty has stopped successfully.
[05/10/2020, 15:39:54:396 BST] 00000040 com.ibm.ws.app.manager.AppMessageHelper                      I CWWKZ0018I: Starting application liberty.
[05/10/2020, 15:39:54:396 BST] 00000040 bm.ws.app.manager.war.internal.WARDeployedAppInfoFactoryImpl I CWWKZ0134I: The liberty application is using the loose application definition at the /Users/emilyjiang/Downloads/liberty/service-a/target/liberty/wlp/usr/servers/liberty/apps/liberty.war.xml location.
[05/10/2020, 15:39:54:406 BST] 00000053 com.ibm.ws.webcontainer.osgi.mbeans.PluginGenerator          I SRVE9103I: A configuration file for a web server plugin was automatically generated for this server at /Users/emilyjiang/Downloads/liberty/service-a/target/liberty/wlp/usr/servers/liberty/logs/state/plugin-cfg.xml.
[05/10/2020, 15:39:54:593 BST] 00000040 com.ibm.ws.microprofile.openapi.ApplicationProcessor         I CWWKO1660I: The application liberty was processed and an OpenAPI document was produced.
[05/10/2020, 15:39:55:043 BST] 00000040 com.ibm.ws.webcontainer.osgi.webapp.WebGroup                 I SRVE0169I: Loading Web Module: liberty.
[05/10/2020, 15:39:55:043 BST] 00000040 com.ibm.ws.webcontainer                                      I SRVE0250I: Web Module liberty has been bound to default_host.
[05/10/2020, 15:39:55:043 BST] 00000040 com.ibm.ws.http.internal.VirtualHostImpl                     A CWWKT0016I: Web application available (default_host): http://localhost:9080/
[05/10/2020, 15:39:55:044 BST] 00000030 com.ibm.ws.session.WASSessionCore                            I SESN0176I: A new session context will be created for application key default_host/
[05/10/2020, 15:39:55:044 BST] 00000030 com.ibm.ws.util                                              I SESN0172I: The session manager is using the Java default SecureRandom implementation for session ID generation.
[05/10/2020, 15:39:55:056 BST] 00000035 com.ibm.ws.webcontainer.osgi.mbeans.PluginGenerator          I SRVE9103I: A configuration file for a web server plugin was automatically generated for this server at /Users/emilyjiang/Downloads/liberty/service-a/target/liberty/wlp/usr/servers/liberty/logs/state/plugin-cfg.xml.
[05/10/2020, 15:39:55:057 BST] 00000030 com.ibm.ws.app.manager.AppMessageHelper                      A CWWKZ0003I: The application liberty updated in 0.661 seconds.
[05/10/2020, 15:39:57:149 BST] 00000092 .apache.cxf.cxf.core.3.2:1.0.45.cl201020200915-1100(id=153)] I Setting the server's publish address to be /data/
[05/10/2020, 15:39:57:215 BST] 00000092 com.ibm.ws.webcontainer.servlet                              I SRVE0242I: [liberty] [/] [com.example.liberty.LibertyRestApplication]: Initialization successful.
[05/10/2020, 15:39:57:287 BST] 00000092 SystemErr                                                    R SLF4J: Failed to load class "org.slf4j.impl.StaticLoggerBinder".
[05/10/2020, 15:39:57:288 BST] 00000092 SystemErr                                                    R SLF4J: Defaulting to no-operation (NOP) logger implementation
[05/10/2020, 15:39:57:288 BST] 00000092 SystemErr                                                    R SLF4J: See http://www.slf4j.org/codes.html#StaticLoggerBinder for further details.
[05/10/2020, 15:39:57:419 BST] 00000092 m.ibm.ws.microprofile.opentracing.jaeger.JaegerTracerFactory I CWMOT1001I: A JaegerTracer instance was created for the liberty application.  Tracing information is sent to localhost:6831.
[05/10/2020, 15:43:53:992 BST] 000000cd com.ibm.ws.http.internal.VirtualHostImpl                     A CWWKT0017I: Web application removed (default_host): http://localhost:9080/
[05/10/2020, 15:43:53:994 BST] 000000cd com.ibm.ws.webcontainer.servlet                              I SRVE0253I: [liberty] [/] [com.example.liberty.LibertyRestApplication]: Destroy successful.
[05/10/2020, 15:43:54:004 BST] 000000cd com.ibm.ws.app.manager.AppMessageHelper                      A CWWKZ0009I: The application liberty has stopped successfully.
[05/10/2020, 15:43:54:007 BST] 000000cd com.ibm.ws.app.manager.AppMessageHelper                      I CWWKZ0018I: Starting application liberty.
[05/10/2020, 15:43:54:008 BST] 000000cd bm.ws.app.manager.war.internal.WARDeployedAppInfoFactoryImpl I CWWKZ0134I: The liberty application is using the loose application definition at the /Users/emilyjiang/Downloads/liberty/service-a/target/liberty/wlp/usr/servers/liberty/apps/liberty.war.xml location.
[05/10/2020, 15:43:54:016 BST] 0000008c com.ibm.ws.webcontainer.osgi.mbeans.PluginGenerator          I SRVE9103I: A configuration file for a web server plugin was automatically generated for this server at /Users/emilyjiang/Downloads/liberty/service-a/target/liberty/wlp/usr/servers/liberty/logs/state/plugin-cfg.xml.
[05/10/2020, 15:43:54:193 BST] 000000cd com.ibm.ws.microprofile.openapi.ApplicationProcessor         I CWWKO1660I: The application liberty was processed and an OpenAPI document was produced.
[05/10/2020, 15:43:54:478 BST] 000000cd com.ibm.ws.logging.internal.impl.IncidentImpl                I FFDC1015I: An FFDC Incident has been created: "java.util.NoSuchElementException: CWMCG0015E: The property conference was not found in the configuration. com.ibm.ws.microprofile.config.cdi.ConfigCDIExtension 157" at ffdc_20.10.05_15.43.54.0.log
[05/10/2020, 15:43:54:481 BST] 000000cd com.ibm.ws.microprofile.config.cdi.ConfigCDIExtension        E CWMCG5003E: The [BackedAnnotatedField] @Inject @ConfigProperty com.example.liberty.client.ClientController.conf InjectionPoint dependency was not resolved. Error: java.util.NoSuchElementException: CWMCG0015E: The property conference was not found in the configuration.
	at com.ibm.ws.microprofile.config.impl.AbstractConfig.getValue(AbstractConfig.java:176)
	at com.ibm.ws.microprofile.config.impl.AbstractConfig.getValue(AbstractConfig.java:142)
	at com.ibm.ws.microprofile.config.cdi.ConfigProducer.newValue(ConfigProducer.java:48)
	at com.ibm.ws.microprofile.config.cdi.ConfigCDIExtension.processConversionType(ConfigCDIExtension.java:155)
	at com.ibm.ws.microprofile.config.cdi.ConfigCDIExtension.validateConfigProperty(ConfigCDIExtension.java:93)
	at com.ibm.ws.microprofile.config.cdi.ConfigCDIExtension.processInjectionTarget(ConfigCDIExtension.java:75)
	at jdk.internal.reflect.GeneratedMethodAccessor758.invoke(Unknown Source)
	at java.base/java.lang.reflect.Method.invoke(Method.java:567)
	at org.jboss.weld.injection.StaticMethodInjectionPoint.invoke(StaticMethodInjectionPoint.java:95)
	at org.jboss.weld.injection.StaticMethodInjectionPoint.invoke(StaticMethodInjectionPoint.java:85)
	at org.jboss.weld.injection.MethodInvocationStrategy$SimpleMethodInvocationStrategy.invoke(MethodInvocationStrategy.java:168)
	at org.jboss.weld.event.ObserverMethodImpl.sendEvent(ObserverMethodImpl.java:330)
	at org.jboss.weld.event.ExtensionObserverMethodImpl.sendEvent(ExtensionObserverMethodImpl.java:123)
	at org.jboss.weld.event.ObserverMethodImpl.sendEvent(ObserverMethodImpl.java:308)
	at org.jboss.weld.event.ObserverMethodImpl.notify(ObserverMethodImpl.java:286)
	at javax.enterprise.inject.spi.ObserverMethod.notify(ObserverMethod.java:124)
	at org.jboss.weld.util.Observers.notify(Observers.java:166)
	at org.jboss.weld.event.ObserverNotifier.notifySyncObservers(ObserverNotifier.java:285)
	at org.jboss.weld.event.ObserverNotifier.notify(ObserverNotifier.java:273)
	at org.jboss.weld.event.ObserverNotifier.fireEvent(ObserverNotifier.java:177)
	at org.jboss.weld.event.ObserverNotifier.fireEvent(ObserverNotifier.java:171)
	at org.jboss.weld.bootstrap.events.AbstractContainerEvent.fire(AbstractContainerEvent.java:53)
	at org.jboss.weld.bootstrap.events.AbstractDefinitionContainerEvent.fire(AbstractDefinitionContainerEvent.java:44)
	at org.jboss.weld.bootstrap.events.AbstractProcessInjectionTarget.fire(AbstractProcessInjectionTarget.java:40)
	at org.jboss.weld.bootstrap.events.ContainerLifecycleEvents.fireProcessInjectionTarget(ContainerLifecycleEvents.java:279)
	at org.jboss.weld.manager.BeanManagerImpl.fireProcessInjectionTarget(BeanManagerImpl.java:1243)
	at org.jboss.weld.manager.BeanManagerImpl.fireProcessInjectionTarget(BeanManagerImpl.java:1238)
	at com.ibm.ws.cdi.impl.weld.BeanDeploymentArchiveImpl.createJEEComponentInjectionTarget(BeanDeploymentArchiveImpl.java:910)
	at com.ibm.ws.cdi.impl.weld.BeanDeploymentArchiveImpl.createInjectionTargetsForJEEComponentClass(BeanDeploymentArchiveImpl.java:848)
	at com.ibm.ws.cdi.impl.weld.BeanDeploymentArchiveImpl.createInjectionTargetsForJEEComponentClasses(BeanDeploymentArchiveImpl.java:834)
	at com.ibm.ws.cdi.impl.weld.WebSphereCDIDeploymentImpl.validateJEEComponentClasses(WebSphereCDIDeploymentImpl.java:683)
	at com.ibm.ws.cdi.impl.CDIContainerImpl.startInitialization(CDIContainerImpl.java:159)
	at com.ibm.ws.cdi.liberty.CDIRuntimeImpl.applicationStarting(CDIRuntimeImpl.java:479)
	at com.ibm.ws.container.service.state.internal.ApplicationStateManager.fireStarting(ApplicationStateManager.java:51)
	at com.ibm.ws.container.service.state.internal.StateChangeServiceImpl.fireApplicationStarting(StateChangeServiceImpl.java:50)
	at com.ibm.ws.app.manager.module.internal.SimpleDeployedAppInfoBase.preDeployApp(SimpleDeployedAppInfoBase.java:547)
	at com.ibm.ws.app.manager.module.internal.SimpleDeployedAppInfoBase.installApp(SimpleDeployedAppInfoBase.java:508)
	at com.ibm.ws.app.manager.module.internal.DeployedAppInfoBase.deployApp(DeployedAppInfoBase.java:347)
	at com.ibm.ws.app.manager.war.internal.WARApplicationHandlerImpl.install(WARApplicationHandlerImpl.java:65)
	at com.ibm.ws.app.manager.internal.statemachine.StartAction.execute(StartAction.java:144)
	at com.ibm.ws.app.manager.internal.statemachine.ApplicationStateMachineImpl.enterState(ApplicationStateMachineImpl.java:1317)
	at com.ibm.ws.app.manager.internal.statemachine.ApplicationStateMachineImpl.performAction(ApplicationStateMachineImpl.java:1182)
	at com.ibm.ws.app.manager.internal.statemachine.ApplicationStateMachineImpl.run(ApplicationStateMachineImpl.java:905)
	at com.ibm.ws.threading.internal.ExecutorServiceImpl$RunnableWrapper.run(ExecutorServiceImpl.java:239)
	at java.base/java.util.concurrent.ThreadPoolExecutor.runWorker(ThreadPoolExecutor.java:1128)
	at java.base/java.util.concurrent.ThreadPoolExecutor$Worker.run(ThreadPoolExecutor.java:628)
	at java.base/java.lang.Thread.run(Thread.java:830)

[05/10/2020, 15:43:54:542 BST] 000000cd com.ibm.ws.microprofile.config.cdi.ConfigCDIExtension        E CWMCG5003E: The [BackedAnnotatedField] @Inject @ConfigProperty com.example.liberty.client.ClientController.conf InjectionPoint dependency was not resolved. Error: java.util.NoSuchElementException: CWMCG0015E: The property conference was not found in the configuration.
	at com.ibm.ws.microprofile.config.impl.AbstractConfig.getValue(AbstractConfig.java:176)
	at com.ibm.ws.microprofile.config.impl.AbstractConfig.getValue(AbstractConfig.java:142)
	at com.ibm.ws.microprofile.config.cdi.ConfigProducer.newValue(ConfigProducer.java:48)
	at com.ibm.ws.microprofile.config.cdi.ConfigCDIExtension.processConversionType(ConfigCDIExtension.java:155)
	at com.ibm.ws.microprofile.config.cdi.ConfigCDIExtension.validateConfigProperty(ConfigCDIExtension.java:93)
	at com.ibm.ws.microprofile.config.cdi.ConfigCDIExtension.processInjectionTarget(ConfigCDIExtension.java:75)
	at jdk.internal.reflect.GeneratedMethodAccessor758.invoke(Unknown Source)
	at java.base/java.lang.reflect.Method.invoke(Method.java:567)
	at org.jboss.weld.injection.StaticMethodInjectionPoint.invoke(StaticMethodInjectionPoint.java:95)
	at org.jboss.weld.injection.StaticMethodInjectionPoint.invoke(StaticMethodInjectionPoint.java:85)
	at org.jboss.weld.injection.MethodInvocationStrategy$SimpleMethodInvocationStrategy.invoke(MethodInvocationStrategy.java:168)
	at org.jboss.weld.event.ObserverMethodImpl.sendEvent(ObserverMethodImpl.java:330)
	at org.jboss.weld.event.ExtensionObserverMethodImpl.sendEvent(ExtensionObserverMethodImpl.java:123)
	at org.jboss.weld.event.ObserverMethodImpl.sendEvent(ObserverMethodImpl.java:308)
	at org.jboss.weld.event.ObserverMethodImpl.notify(ObserverMethodImpl.java:286)
	at javax.enterprise.inject.spi.ObserverMethod.notify(ObserverMethod.java:124)
	at org.jboss.weld.util.Observers.notify(Observers.java:166)
	at org.jboss.weld.event.ObserverNotifier.notifySyncObservers(ObserverNotifier.java:285)
	at org.jboss.weld.event.ObserverNotifier.notify(ObserverNotifier.java:273)
	at org.jboss.weld.event.ObserverNotifier.fireEvent(ObserverNotifier.java:177)
	at org.jboss.weld.event.ObserverNotifier.fireEvent(ObserverNotifier.java:171)
	at org.jboss.weld.bootstrap.events.AbstractContainerEvent.fire(AbstractContainerEvent.java:53)
	at org.jboss.weld.bootstrap.events.AbstractDefinitionContainerEvent.fire(AbstractDefinitionContainerEvent.java:44)
	at org.jboss.weld.bootstrap.events.AbstractProcessInjectionTarget.fire(AbstractProcessInjectionTarget.java:33)
	at org.jboss.weld.bootstrap.events.ContainerLifecycleEvents.fireProcessInjectionTarget(ContainerLifecycleEvents.java:273)
	at org.jboss.weld.bootstrap.AbstractBeanDeployer.processInjectionTargetEvents(AbstractBeanDeployer.java:140)
	at org.jboss.weld.bootstrap.BeanDeployer.processBeans(BeanDeployer.java:262)
	at org.jboss.weld.bootstrap.BeanDeployer.processClassBeanAttributes(BeanDeployer.java:244)
	at org.jboss.weld.bootstrap.WeldStartup.deployBeans(WeldStartup.java:442)
	at org.jboss.weld.bootstrap.WeldBootstrap.deployBeans(WeldBootstrap.java:86)
	at com.ibm.ws.cdi.impl.CDIContainerImpl.startInitialization(CDIContainerImpl.java:160)
	at com.ibm.ws.cdi.liberty.CDIRuntimeImpl.applicationStarting(CDIRuntimeImpl.java:479)
	at com.ibm.ws.container.service.state.internal.ApplicationStateManager.fireStarting(ApplicationStateManager.java:51)
	at com.ibm.ws.container.service.state.internal.StateChangeServiceImpl.fireApplicationStarting(StateChangeServiceImpl.java:50)
	at com.ibm.ws.app.manager.module.internal.SimpleDeployedAppInfoBase.preDeployApp(SimpleDeployedAppInfoBase.java:547)
	at com.ibm.ws.app.manager.module.internal.SimpleDeployedAppInfoBase.installApp(SimpleDeployedAppInfoBase.java:508)
	at com.ibm.ws.app.manager.module.internal.DeployedAppInfoBase.deployApp(DeployedAppInfoBase.java:347)
	at com.ibm.ws.app.manager.war.internal.WARApplicationHandlerImpl.install(WARApplicationHandlerImpl.java:65)
	at com.ibm.ws.app.manager.internal.statemachine.StartAction.execute(StartAction.java:144)
	at com.ibm.ws.app.manager.internal.statemachine.ApplicationStateMachineImpl.enterState(ApplicationStateMachineImpl.java:1317)
	at com.ibm.ws.app.manager.internal.statemachine.ApplicationStateMachineImpl.performAction(ApplicationStateMachineImpl.java:1182)
	at com.ibm.ws.app.manager.internal.statemachine.ApplicationStateMachineImpl.run(ApplicationStateMachineImpl.java:905)
	at com.ibm.ws.threading.internal.ExecutorServiceImpl$RunnableWrapper.run(ExecutorServiceImpl.java:239)
	at java.base/java.util.concurrent.ThreadPoolExecutor.runWorker(ThreadPoolExecutor.java:1128)
	at java.base/java.util.concurrent.ThreadPoolExecutor$Worker.run(ThreadPoolExecutor.java:628)
	at java.base/java.lang.Thread.run(Thread.java:830)

[05/10/2020, 15:43:54:652 BST] 000000cd com.ibm.ws.logging.internal.impl.IncidentImpl                I FFDC1015I: An FFDC Incident has been created: "org.jboss.weld.exceptions.DeploymentException: Exception List with 2 exceptions:
Exception 0 :
org.jboss.weld.exceptions.DeploymentException: WELD-001408: Unsatisfied dependencies for type String with qualifiers @ConfigProperty
  at injection point [BackedAnnotatedField] @Inject @ConfigProperty com.example.liberty.client.ClientController.conf
  at com.example.liberty.client.ClientController.conf(ClientController.java:0)
WELD-001475: The following beans match by type, but none have matching qualifiers:
  - Producer Method [String] with qualifiers [@Claim @Any] declared as [[UnbackedAnnotatedMethod] @Produces @Dependent @ManualTrace @Claim public com.ibm.ws.security.mp.jwt.cdi.ClaimProducer.getString(InjectionPoint)]

	at org.jboss.weld.bootstrap.Validator.validateInjectionPointForDeploymentProblems(Validator.java:378)
	at org.jboss.weld.bootstrap.Validator.validateInjectionPoint(Validator.java:290)
	at org.jboss.weld.bootstrap.Validator.validateGeneralBean(Validator.java:143)
	at org.jboss.weld.bootstrap.Validator.validateRIBean(Validator.java:164)
	at org.jboss.weld.bootstrap.Validator.validateBean(Validator.java:526)
	at org.jboss.weld.bootstrap.ConcurrentValidator$1.doWork(ConcurrentValidator.java:64)
	at org.jboss.weld.bootstrap.ConcurrentValidator$1.doWork(ConcurrentValidator.java:62)
	at org.jboss.weld.executor.IterativeWorkerTaskFactory$1.call(IterativeWorkerTaskFactory.java:62)
	at org.jboss.weld.executor.IterativeWorkerTaskFactory$1.call(IterativeWorkerTaskFactory.java:55)
	at com.ibm.ws.threading.internal.PolicyTaskFutureImpl.run(PolicyTaskFutureImpl.java:718)
	at com.ibm.ws.threading.internal.PolicyExecutorImpl.runTask(PolicyExecutorImpl.java:1135)
	at com.ibm.ws.threading.internal.PolicyExecutorImpl$GlobalPoolTask.run(PolicyExecutorImpl.java:189)
	at java.base/java.util.concurrent.ThreadPoolExecutor.runWorker(ThreadPoolExecutor.java:1128)
	at java.base/java.util.concurrent.ThreadPoolExecutor$Worker.run(ThreadPoolExecutor.java:628)
	at java.base/java.lang.Thread.run(Thread.java:830)
Exception 1 :
org.jboss.weld.exceptions.DeploymentException: WELD-001408: Unsatisfied dependencies for type String with qualifiers @ConfigProperty
  at injection point [BackedAnnotatedField] @Inject @ConfigProperty private com.example.liberty.config.ConfigTestController.injectedValue
  at com.example.liberty.config.ConfigTestController.injectedValue(ConfigTestController.java:0)
WELD-001475: The following beans match by type, but none have matching qualifiers:
  - Producer Method [String] with qualifiers [@Claim @Any] declared as [[UnbackedAnnotatedMethod] @Produces @Dependent @ManualTrace @Claim public com.ibm.ws.security.mp.jwt.cdi.ClaimProducer.getString(InjectionPoint)]

	at org.jboss.weld.bootstrap.Validator.validateInjectionPointForDeploymentProblems(Validator.java:378)
	at org.jboss.weld.bootstrap.Validator.validateInjectionPoint(Validator.java:290)
	at org.jboss.weld.bootstrap.Validator.validateGeneralBean(Validator.java:143)
	at org.jboss.weld.bootstrap.Validator.validateRIBean(Validator.java:164)
	at org.jboss.weld.bootstrap.Validator.validateBean(Validator.java:526)
	at org.jboss.weld.bootstrap.ConcurrentValidator$1.doWork(ConcurrentValidator.java:64)
	at org.jboss.weld.bootstrap.ConcurrentValidator$1.doWork(ConcurrentValidator.java:62)
	at org.jboss.weld.executor.IterativeWorkerTaskFactory$1.call(IterativeWorkerTaskFactory.java:62)
	at org.jboss.weld.executor.IterativeWorkerTaskFactory$1.call(IterativeWorkerTaskFactory.java:55)
	at com.ibm.ws.threading.internal.PolicyTaskFutureImpl.run(PolicyTaskFutureImpl.java:718)
	at com.ibm.ws.threading.internal.PolicyExecutorImpl.runTask(PolicyExecutorImpl.java:1135)
	at com.ibm.ws.threading.internal.PolicyExecutorImpl$GlobalPoolTask.run(PolicyExecutorImpl.java:189)
	at java.base/java.util.concurrent.ThreadPoolExecutor.runWorker(ThreadPoolExecutor.java:1128)
	at java.base/java.util.concurrent.ThreadPoolExecutor$Worker.run(ThreadPoolExecutor.java:628)
	at java.base/java.lang.Thread.run(Thread.java:830)
 com.ibm.ws.container.service.state.internal.ApplicationStateManager 54" at ffdc_20.10.05_15.43.54.1.log
[05/10/2020, 15:43:54:740 BST] 000000cd com.ibm.ws.logging.internal.impl.IncidentImpl                I FFDC1015I: An FFDC Incident has been created: "com.ibm.ws.container.service.state.StateChangeException: org.jboss.weld.exceptions.DeploymentException: Exception List with 2 exceptions:
Exception 0 :
org.jboss.weld.exceptions.DeploymentException: WELD-001408: Unsatisfied dependencies for type String with qualifiers @ConfigProperty
  at injection point [BackedAnnotatedField] @Inject @ConfigProperty com.example.liberty.client.ClientController.conf
  at com.example.liberty.client.ClientController.conf(ClientController.java:0)
WELD-001475: The following beans match by type, but none have matching qualifiers:
  - Producer Method [String] with qualifiers [@Claim @Any] declared as [[UnbackedAnnotatedMethod] @Produces @Dependent @ManualTrace @Claim public com.ibm.ws.security.mp.jwt.cdi.ClaimProducer.getString(InjectionPoint)]

	at org.jboss.weld.bootstrap.Validator.validateInjectionPointForDeploymentProblems(Validator.java:378)
	at org.jboss.weld.bootstrap.Validator.validateInjectionPoint(Validator.java:290)
	at org.jboss.weld.bootstrap.Validator.validateGeneralBean(Validator.java:143)
	at org.jboss.weld.bootstrap.Validator.validateRIBean(Validator.java:164)
	at org.jboss.weld.bootstrap.Validator.validateBean(Validator.java:526)
	at org.jboss.weld.bootstrap.ConcurrentValidator$1.doWork(ConcurrentValidator.java:64)
	at org.jboss.weld.bootstrap.ConcurrentValidator$1.doWork(ConcurrentValidator.java:62)
	at org.jboss.weld.executor.IterativeWorkerTaskFactory$1.call(IterativeWorkerTaskFactory.java:62)
	at org.jboss.weld.executor.IterativeWorkerTaskFactory$1.call(IterativeWorkerTaskFactory.java:55)
	at com.ibm.ws.threading.internal.PolicyTaskFutureImpl.run(PolicyTaskFutureImpl.java:718)
	at com.ibm.ws.threading.internal.PolicyExecutorImpl.runTask(PolicyExecutorImpl.java:1135)
	at com.ibm.ws.threading.internal.PolicyExecutorImpl$GlobalPoolTask.run(PolicyExecutorImpl.java:189)
	at java.base/java.util.concurrent.ThreadPoolExecutor.runWorker(ThreadPoolExecutor.java:1128)
	at java.base/java.util.concurrent.ThreadPoolExecutor$Worker.run(ThreadPoolExecutor.java:628)
	at java.base/java.lang.Thread.run(Thread.java:830)
Exception 1 :
org.jboss.weld.exceptions.DeploymentException: WELD-001408: Unsatisfied dependencies for type String with qualifiers @ConfigProperty
  at injection point [BackedAnnotatedField] @Inject @ConfigProperty private com.example.liberty.config.ConfigTestController.injectedValue
  at com.example.liberty.config.ConfigTestController.injectedValue(ConfigTestController.java:0)
WELD-001475: The following beans match by type, but none have matching qualifiers:
  - Producer Method [String] with qualifiers [@Claim @Any] declared as [[UnbackedAnnotatedMethod] @Produces @Dependent @ManualTrace @Claim public com.ibm.ws.security.mp.jwt.cdi.ClaimProducer.getString(InjectionPoint)]

	at org.jboss.weld.bootstrap.Validator.validateInjectionPointForDeploymentProblems(Validator.java:378)
	at org.jboss.weld.bootstrap.Validator.validateInjectionPoint(Validator.java:290)
	at org.jboss.weld.bootstrap.Validator.validateGeneralBean(Validator.java:143)
	at org.jboss.weld.bootstrap.Validator.validateRIBean(Validator.java:164)
	at org.jboss.weld.bootstrap.Validator.validateBean(Validator.java:526)
	at org.jboss.weld.bootstrap.ConcurrentValidator$1.doWork(ConcurrentValidator.java:64)
	at org.jboss.weld.bootstrap.ConcurrentValidator$1.doWork(ConcurrentValidator.java:62)
	at org.jboss.weld.executor.IterativeWorkerTaskFactory$1.call(IterativeWorkerTaskFactory.java:62)
	at org.jboss.weld.executor.IterativeWorkerTaskFactory$1.call(IterativeWorkerTaskFactory.java:55)
	at com.ibm.ws.threading.internal.PolicyTaskFutureImpl.run(PolicyTaskFutureImpl.java:718)
	at com.ibm.ws.threading.internal.PolicyExecutorImpl.runTask(PolicyExecutorImpl.java:1135)
	at com.ibm.ws.threading.internal.PolicyExecutorImpl$GlobalPoolTask.run(PolicyExecutorImpl.java:189)
	at java.base/java.util.concurrent.ThreadPoolExecutor.runWorker(ThreadPoolExecutor.java:1128)
	at java.base/java.util.concurrent.ThreadPoolExecutor$Worker.run(ThreadPoolExecutor.java:628)
	at java.base/java.lang.Thread.run(Thread.java:830)
 com.ibm.ws.app.manager.module.internal.SimpleDeployedAppInfoBase 548" at ffdc_20.10.05_15.43.54.2.log
[05/10/2020, 15:43:54:746 BST] 000000cd com.ibm.ws.app.manager.AppMessageHelper                      E CWWKZ0004E: An exception occurred while starting the application liberty. The exception message was: com.ibm.ws.container.service.state.StateChangeException: org.jboss.weld.exceptions.DeploymentException: Exception List with 2 exceptions:
Exception 0 :
org.jboss.weld.exceptions.DeploymentException: WELD-001408: Unsatisfied dependencies for type String with qualifiers @ConfigProperty
  at injection point [BackedAnnotatedField] @Inject @ConfigProperty com.example.liberty.client.ClientController.conf
  at com.example.liberty.client.ClientController.conf(ClientController.java:0)
WELD-001475: The following beans match by type, but none have matching qualifiers:
  - Producer Method [String] with qualifiers [@Claim @Any] declared as [[UnbackedAnnotatedMethod] @Produces @Dependent @ManualTrace @Claim public com.ibm.ws.security.mp.jwt.cdi.ClaimProducer.getString(InjectionPoint)]

	at org.jboss.weld.bootstrap.Validator.validateInjectionPointForDeploymentProblems(Validator.java:378)
	at org.jboss.weld.bootstrap.Validator.validateInjectionPoint(Validator.java:290)
	at org.jboss.weld.bootstrap.Validator.validateGeneralBean(Validator.java:143)
	at org.jboss.weld.bootstrap.Validator.validateRIBean(Validator.java:164)
	at org.jboss.weld.bootstrap.Validator.validateBean(Validator.java:526)
	at org.jboss.weld.bootstrap.ConcurrentValidator$1.doWork(ConcurrentValidator.java:64)
	at org.jboss.weld.bootstrap.ConcurrentValidator$1.doWork(ConcurrentValidator.java:62)
	at org.jboss.weld.executor.IterativeWorkerTaskFactory$1.call(IterativeWorkerTaskFactory.java:62)
	at org.jboss.weld.executor.IterativeWorkerTaskFactory$1.call(IterativeWorkerTaskFactory.java:55)
	at com.ibm.ws.threading.internal.PolicyTaskFutureImpl.run(PolicyTaskFutureImpl.java:718)
	at com.ibm.ws.threading.internal.PolicyExecutorImpl.runTask(PolicyExecutorImpl.java:1135)
	at com.ibm.ws.threading.internal.PolicyExecutorImpl$GlobalPoolTask.run(PolicyExecutorImpl.java:189)
	at java.base/java.util.concurrent.ThreadPoolExecutor.runWorker(ThreadPoolExecutor.java:1128)
	at java.base/java.util.concurrent.ThreadPoolExecutor$Worker.run(ThreadPoolExecutor.java:628)
	at java.base/java.lang.Thread.run(Thread.java:830)
Exception 1 :
org.jboss.weld.exceptions.DeploymentException: WELD-001408: Unsatisfied dependencies for type String with qualifiers @ConfigProperty
  at injection point [BackedAnnotatedField] @Inject @ConfigProperty private com.example.liberty.config.ConfigTestController.injectedValue
  at com.example.liberty.config.ConfigTestController.injectedValue(ConfigTestController.java:0)
WELD-001475: The following beans match by type, but none have matching qualifiers:
  - Producer Method [String] with qualifiers [@Claim @Any] declared as [[UnbackedAnnotatedMethod] @Produces @Dependent @ManualTrace @Claim public com.ibm.ws.security.mp.jwt.cdi.ClaimProducer.getString(InjectionPoint)]

	at org.jboss.weld.bootstrap.Validator.validateInjectionPointForDeploymentProblems(Validator.java:378)
	at org.jboss.weld.bootstrap.Validator.validateInjectionPoint(Validator.java:290)
	at org.jboss.weld.bootstrap.Validator.validateGeneralBean(Validator.java:143)
	at org.jboss.weld.bootstrap.Validator.validateRIBean(Validator.java:164)
	at org.jboss.weld.bootstrap.Validator.validateBean(Validator.java:526)
	at org.jboss.weld.bootstrap.ConcurrentValidator$1.doWork(ConcurrentValidator.java:64)
	at org.jboss.weld.bootstrap.ConcurrentValidator$1.doWork(ConcurrentValidator.java:62)
	at org.jboss.weld.executor.IterativeWorkerTaskFactory$1.call(IterativeWorkerTaskFactory.java:62)
	at org.jboss.weld.executor.IterativeWorkerTaskFactory$1.call(IterativeWorkerTaskFactory.java:55)
	at com.ibm.ws.threading.internal.PolicyTaskFutureImpl.run(PolicyTaskFutureImpl.java:718)
	at com.ibm.ws.threading.internal.PolicyExecutorImpl.runTask(PolicyExecutorImpl.java:1135)
	at com.ibm.ws.threading.internal.PolicyExecutorImpl$GlobalPoolTask.run(PolicyExecutorImpl.java:189)
	at java.base/java.util.concurrent.ThreadPoolExecutor.runWorker(ThreadPoolExecutor.java:1128)
	at java.base/java.util.concurrent.ThreadPoolExecutor$Worker.run(ThreadPoolExecutor.java:628)
	at java.base/java.lang.Thread.run(Thread.java:830)

[05/10/2020, 15:44:09:581 BST] 000000a5 com.ibm.ws.app.manager.AppMessageHelper                      I CWWKZ0018I: Starting application liberty.
[05/10/2020, 15:44:09:581 BST] 000000a5 bm.ws.app.manager.war.internal.WARDeployedAppInfoFactoryImpl I CWWKZ0134I: The liberty application is using the loose application definition at the /Users/emilyjiang/Downloads/liberty/service-a/target/liberty/wlp/usr/servers/liberty/apps/liberty.war.xml location.
[05/10/2020, 15:44:10:119 BST] 000000a5 com.ibm.ws.webcontainer.osgi.webapp.WebGroup                 I SRVE0169I: Loading Web Module: liberty.
[05/10/2020, 15:44:10:119 BST] 000000a5 com.ibm.ws.webcontainer                                      I SRVE0250I: Web Module liberty has been bound to default_host.
[05/10/2020, 15:44:10:120 BST] 000000a5 com.ibm.ws.http.internal.VirtualHostImpl                     A CWWKT0016I: Web application available (default_host): http://localhost:9080/
[05/10/2020, 15:44:10:122 BST] 000000ca com.ibm.ws.session.WASSessionCore                            I SESN0176I: A new session context will be created for application key default_host/
[05/10/2020, 15:44:10:123 BST] 000000ca com.ibm.ws.util                                              I SESN0172I: The session manager is using the Java default SecureRandom implementation for session ID generation.
[05/10/2020, 15:44:10:133 BST] 000000c7 com.ibm.ws.webcontainer.osgi.mbeans.PluginGenerator          I SRVE9103I: A configuration file for a web server plugin was automatically generated for this server at /Users/emilyjiang/Downloads/liberty/service-a/target/liberty/wlp/usr/servers/liberty/logs/state/plugin-cfg.xml.
[05/10/2020, 15:44:10:134 BST] 000000ca com.ibm.ws.app.manager.AppMessageHelper                      A CWWKZ0003I: The application liberty updated in 0.553 seconds.
[05/10/2020, 15:44:15:757 BST] 000000c1 .apache.cxf.cxf.core.3.2:1.0.45.cl201020200915-1100(id=153)] I Setting the server's publish address to be /data/
[05/10/2020, 15:44:15:761 BST] 000000c1 com.ibm.ws.webcontainer.servlet                              I SRVE0242I: [liberty] [/] [com.example.liberty.LibertyRestApplication]: Initialization successful.
[05/10/2020, 15:44:15:783 BST] 000000c1 SystemErr                                                    R SLF4J: Failed to load class "org.slf4j.impl.StaticLoggerBinder".
[05/10/2020, 15:44:15:783 BST] 000000c1 SystemErr                                                    R SLF4J: Defaulting to no-operation (NOP) logger implementation
[05/10/2020, 15:44:15:783 BST] 000000c1 SystemErr                                                    R SLF4J: See http://www.slf4j.org/codes.html#StaticLoggerBinder for further details.
[05/10/2020, 15:44:15:873 BST] 000000c1 m.ibm.ws.microprofile.opentracing.jaeger.JaegerTracerFactory I CWMOT1001I: A JaegerTracer instance was created for the liberty application.  Tracing information is sent to localhost:6831.
[05/10/2020, 15:46:40:506 BST] 000000cb xf.rt.frontend.jaxrs.3.2:1.0.45.cl201020200915-1100(id=161)] W javax.ws.rs.WebApplicationException: HTTP 500 Internal Server Error
	at org.apache.cxf.microprofile.client.DefaultResponseExceptionMapper.toThrowable(DefaultResponseExceptionMapper.java:33)
	at org.apache.cxf.microprofile.client.proxy.MicroProfileClientProxyImpl.checkResponse(MicroProfileClientProxyImpl.java:198)
	at org.apache.cxf.jaxrs.client.ClientProxyImpl.handleResponse(ClientProxyImpl.java:1005)
	at org.apache.cxf.jaxrs.client.ClientProxyImpl.doChainedInvocation(ClientProxyImpl.java:903)
	at org.apache.cxf.jaxrs.client.ClientProxyImpl.invoke(ClientProxyImpl.java:343)
	at org.apache.cxf.microprofile.client.proxy.MicroProfileClientProxyImpl.invokeActual(MicroProfileClientProxyImpl.java:463)
	at org.apache.cxf.microprofile.client.proxy.MicroProfileClientProxyImpl.access$000(MicroProfileClientProxyImpl.java:76)
	at org.apache.cxf.microprofile.client.proxy.MicroProfileClientProxyImpl$Invoker.call(MicroProfileClientProxyImpl.java:485)
	at org.apache.cxf.microprofile.client.cdi.CDIInterceptorWrapperImpl.invoke(CDIInterceptorWrapperImpl.java:190)
	at org.apache.cxf.microprofile.client.proxy.MicroProfileClientProxyImpl.invoke(MicroProfileClientProxyImpl.java:458)
	at com.sun.proxy.$Proxy95.doSomething(Unknown Source)
	at jdk.internal.reflect.GeneratedMethodAccessor833.invoke(Unknown Source)
	at java.base/java.lang.reflect.Method.invoke(Method.java:567)
	at org.jboss.weld.bean.proxy.AbstractBeanInstance.invoke(AbstractBeanInstance.java:38)
	at org.jboss.weld.bean.proxy.ProxyMethodHandler.invoke(ProxyMethodHandler.java:106)
	at com.example.liberty.client.Service$1396588198$Proxy$_$$_WeldClientProxy.doSomething(Unknown Source)
	at com.example.liberty.client.ClientController.onClientSide(ClientController.java:24)
	at com.example.liberty.client.ClientController$Proxy$_$$_WeldClientProxy.onClientSide(Unknown Source)
	at jdk.internal.reflect.GeneratedMethodAccessor832.invoke(Unknown Source)
	at java.base/java.lang.reflect.Method.invoke(Method.java:567)
	at com.ibm.ws.jaxrs20.cdi.component.JaxRsFactoryImplicitBeanCDICustomizer.serviceInvoke(JaxRsFactoryImplicitBeanCDICustomizer.java:342)
	at com.ibm.ws.jaxrs20.server.LibertyJaxRsServerFactoryBean.performInvocation(LibertyJaxRsServerFactoryBean.java:641)
	at com.ibm.ws.jaxrs20.server.LibertyJaxRsInvoker.performInvocation(LibertyJaxRsInvoker.java:160)
	at org.apache.cxf.service.invoker.AbstractInvoker.invoke(AbstractInvoker.java:96)
	at com.ibm.ws.jaxrs20.server.LibertyJaxRsInvoker.invoke(LibertyJaxRsInvoker.java:273)
	at org.apache.cxf.jaxrs.JAXRSInvoker.invoke(JAXRSInvoker.java:210)
	at com.ibm.ws.jaxrs20.server.LibertyJaxRsInvoker.invoke(LibertyJaxRsInvoker.java:444)
	at org.apache.cxf.jaxrs.JAXRSInvoker.invoke(JAXRSInvoker.java:112)
	at org.apache.cxf.interceptor.ServiceInvokerInterceptor$1.run(ServiceInvokerInterceptor.java:61)
	at org.apache.cxf.interceptor.ServiceInvokerInterceptor.handleMessage(ServiceInvokerInterceptor.java:99)
	at org.apache.cxf.phase.PhaseInterceptorChain.doIntercept(PhaseInterceptorChain.java:318)
	at org.apache.cxf.transport.ChainInitiationObserver.onMessage(ChainInitiationObserver.java:123)
	at org.apache.cxf.transport.http.AbstractHTTPDestination.invoke(AbstractHTTPDestination.java:273)
	at com.ibm.ws.jaxrs20.endpoint.AbstractJaxRsWebEndpoint.invoke(AbstractJaxRsWebEndpoint.java:136)
	at com.ibm.websphere.jaxrs.server.IBMRestServlet.handleRequest(IBMRestServlet.java:146)
	at com.ibm.websphere.jaxrs.server.IBMRestServlet.doGet(IBMRestServlet.java:112)
	at javax.servlet.http.HttpServlet.service(HttpServlet.java:686)
	at com.ibm.websphere.jaxrs.server.IBMRestServlet.service(IBMRestServlet.java:96)
	at com.ibm.ws.webcontainer.servlet.ServletWrapper.service(ServletWrapper.java:1230)
	at com.ibm.ws.webcontainer.servlet.ServletWrapper.handleRequest(ServletWrapper.java:729)
	at com.ibm.ws.webcontainer.servlet.ServletWrapper.handleRequest(ServletWrapper.java:426)
	at com.ibm.ws.webcontainer.filter.WebAppFilterManager.invokeFilters(WebAppFilterManager.java:1226)
	at com.ibm.ws.webcontainer.filter.WebAppFilterManager.invokeFilters(WebAppFilterManager.java:1010)
	at com.ibm.ws.webcontainer.servlet.CacheServletWrapper.handleRequest(CacheServletWrapper.java:75)
	at com.ibm.ws.webcontainer40.servlet.CacheServletWrapper40.handleRequest(CacheServletWrapper40.java:83)
	at com.ibm.ws.webcontainer.WebContainer.handleRequest(WebContainer.java:936)
	at com.ibm.ws.webcontainer.osgi.DynamicVirtualHost$2.run(DynamicVirtualHost.java:279)
	at com.ibm.ws.http.dispatcher.internal.channel.HttpDispatcherLink$TaskWrapper.run(HttpDispatcherLink.java:1134)
	at com.ibm.ws.http.dispatcher.internal.channel.HttpDispatcherLink.wrapHandlerAndExecute(HttpDispatcherLink.java:415)
	at com.ibm.ws.http.dispatcher.internal.channel.HttpDispatcherLink.ready(HttpDispatcherLink.java:374)
	at com.ibm.ws.http.channel.internal.inbound.HttpInboundLink.handleDiscrimination(HttpInboundLink.java:577)
	at com.ibm.ws.http.channel.internal.inbound.HttpInboundLink.handleNewRequest(HttpInboundLink.java:511)
	at com.ibm.ws.http.channel.internal.inbound.HttpInboundLink.processRequest(HttpInboundLink.java:359)
	at com.ibm.ws.http.channel.internal.inbound.HttpICLReadCallback.complete(HttpICLReadCallback.java:70)
	at com.ibm.ws.tcpchannel.internal.WorkQueueManager.requestComplete(WorkQueueManager.java:504)
	at com.ibm.ws.tcpchannel.internal.WorkQueueManager.attemptIO(WorkQueueManager.java:574)
	at com.ibm.ws.tcpchannel.internal.WorkQueueManager.workerRun(WorkQueueManager.java:958)
	at com.ibm.ws.tcpchannel.internal.WorkQueueManager$Worker.run(WorkQueueManager.java:1047)
	at com.ibm.ws.threading.internal.ExecutorServiceImpl$RunnableWrapper.run(ExecutorServiceImpl.java:239)
	at java.base/java.util.concurrent.ThreadPoolExecutor.runWorker(ThreadPoolExecutor.java:1128)
	at java.base/java.util.concurrent.ThreadPoolExecutor$Worker.run(ThreadPoolExecutor.java:628)
	at java.base/java.lang.Thread.run(Thread.java:830)

[05/10/2020, 15:48:34:291 BST] 00000051 com.ibm.ws.microprofile.openapi.ApplicationProcessor         I CWWKO1660I: The application liberty was processed and an OpenAPI document was produced.
[05/10/2020, 15:48:34:292 BST] 00000051 com.ibm.ws.http.internal.VirtualHostImpl                     A CWWKT0017I: Web application removed (default_host): http://localhost:9080/
[05/10/2020, 15:48:34:293 BST] 00000051 com.ibm.ws.webcontainer.servlet                              I SRVE0253I: [liberty] [/] [com.example.liberty.LibertyRestApplication]: Destroy successful.
[05/10/2020, 15:48:34:301 BST] 00000051 com.ibm.ws.app.manager.AppMessageHelper                      A CWWKZ0009I: The application liberty has stopped successfully.
[05/10/2020, 15:48:34:304 BST] 00000051 com.ibm.ws.app.manager.AppMessageHelper                      I CWWKZ0018I: Starting application liberty.
[05/10/2020, 15:48:34:304 BST] 00000051 bm.ws.app.manager.war.internal.WARDeployedAppInfoFactoryImpl I CWWKZ0134I: The liberty application is using the loose application definition at the /Users/emilyjiang/Downloads/liberty/service-a/target/liberty/wlp/usr/servers/liberty/apps/liberty.war.xml location.
[05/10/2020, 15:48:34:310 BST] 00000037 com.ibm.ws.webcontainer.osgi.mbeans.PluginGenerator          I SRVE9103I: A configuration file for a web server plugin was automatically generated for this server at /Users/emilyjiang/Downloads/liberty/service-a/target/liberty/wlp/usr/servers/liberty/logs/state/plugin-cfg.xml.
[05/10/2020, 15:48:34:912 BST] 00000051 com.ibm.ws.webcontainer.osgi.webapp.WebGroup                 I SRVE0169I: Loading Web Module: liberty.
[05/10/2020, 15:48:34:912 BST] 00000051 com.ibm.ws.webcontainer                                      I SRVE0250I: Web Module liberty has been bound to default_host.
[05/10/2020, 15:48:34:913 BST] 00000051 com.ibm.ws.http.internal.VirtualHostImpl                     A CWWKT0016I: Web application available (default_host): http://localhost:9080/
[05/10/2020, 15:48:34:913 BST] 000000c6 com.ibm.ws.session.WASSessionCore                            I SESN0176I: A new session context will be created for application key default_host/
[05/10/2020, 15:48:34:914 BST] 000000c6 com.ibm.ws.util                                              I SESN0172I: The session manager is using the Java default SecureRandom implementation for session ID generation.
[05/10/2020, 15:48:34:925 BST] 0000008c com.ibm.ws.webcontainer.osgi.mbeans.PluginGenerator          I SRVE9103I: A configuration file for a web server plugin was automatically generated for this server at /Users/emilyjiang/Downloads/liberty/service-a/target/liberty/wlp/usr/servers/liberty/logs/state/plugin-cfg.xml.
[05/10/2020, 15:48:34:927 BST] 000000c6 com.ibm.ws.app.manager.AppMessageHelper                      A CWWKZ0003I: The application liberty updated in 0.623 seconds.
[05/10/2020, 15:48:36:180 BST] 00000090 .apache.cxf.cxf.core.3.2:1.0.45.cl201020200915-1100(id=153)] I Setting the server's publish address to be /data/
[05/10/2020, 15:48:36:184 BST] 00000090 com.ibm.ws.webcontainer.servlet                              I SRVE0242I: [liberty] [/] [com.example.liberty.LibertyRestApplication]: Initialization successful.
[05/10/2020, 15:48:36:205 BST] 00000090 SystemErr                                                    R SLF4J: Failed to load class "org.slf4j.impl.StaticLoggerBinder".
[05/10/2020, 15:48:36:205 BST] 00000090 SystemErr                                                    R SLF4J: Defaulting to no-operation (NOP) logger implementation
[05/10/2020, 15:48:36:205 BST] 00000090 SystemErr                                                    R SLF4J: See http://www.slf4j.org/codes.html#StaticLoggerBinder for further details.
[05/10/2020, 15:48:36:296 BST] 00000090 m.ibm.ws.microprofile.opentracing.jaeger.JaegerTracerFactory I CWMOT1001I: A JaegerTracer instance was created for the liberty application.  Tracing information is sent to localhost:6831.
[05/10/2020, 15:51:06:489 BST] 00000041 com.ibm.ws.microprofile.openapi.ApplicationProcessor         I CWWKO1660I: The application liberty was processed and an OpenAPI document was produced.
[05/10/2020, 15:51:06:489 BST] 00000041 com.ibm.ws.http.internal.VirtualHostImpl                     A CWWKT0017I: Web application removed (default_host): http://localhost:9080/
[05/10/2020, 15:51:06:491 BST] 00000041 com.ibm.ws.webcontainer.servlet                              I SRVE0253I: [liberty] [/] [com.example.liberty.LibertyRestApplication]: Destroy successful.
[05/10/2020, 15:51:06:502 BST] 00000041 com.ibm.ws.app.manager.AppMessageHelper                      A CWWKZ0009I: The application liberty has stopped successfully.
[05/10/2020, 15:51:06:506 BST] 00000041 com.ibm.ws.app.manager.AppMessageHelper                      I CWWKZ0018I: Starting application liberty.
[05/10/2020, 15:51:06:506 BST] 00000041 bm.ws.app.manager.war.internal.WARDeployedAppInfoFactoryImpl I CWWKZ0134I: The liberty application is using the loose application definition at the /Users/emilyjiang/Downloads/liberty/service-a/target/liberty/wlp/usr/servers/liberty/apps/liberty.war.xml location.
[05/10/2020, 15:51:06:514 BST] 00000053 com.ibm.ws.webcontainer.osgi.mbeans.PluginGenerator          I SRVE9103I: A configuration file for a web server plugin was automatically generated for this server at /Users/emilyjiang/Downloads/liberty/service-a/target/liberty/wlp/usr/servers/liberty/logs/state/plugin-cfg.xml.
[05/10/2020, 15:51:07:020 BST] 00000041 com.ibm.ws.webcontainer.osgi.webapp.WebGroup                 I SRVE0169I: Loading Web Module: liberty.
[05/10/2020, 15:51:07:021 BST] 00000041 com.ibm.ws.webcontainer                                      I SRVE0250I: Web Module liberty has been bound to default_host.
[05/10/2020, 15:51:07:021 BST] 00000041 com.ibm.ws.http.internal.VirtualHostImpl                     A CWWKT0016I: Web application available (default_host): http://localhost:9080/
[05/10/2020, 15:51:07:022 BST] 000000ca com.ibm.ws.session.WASSessionCore                            I SESN0176I: A new session context will be created for application key default_host/
[05/10/2020, 15:51:07:022 BST] 000000ca com.ibm.ws.util                                              I SESN0172I: The session manager is using the Java default SecureRandom implementation for session ID generation.
[05/10/2020, 15:51:07:033 BST] 0000009d com.ibm.ws.webcontainer.osgi.mbeans.PluginGenerator          I SRVE9103I: A configuration file for a web server plugin was automatically generated for this server at /Users/emilyjiang/Downloads/liberty/service-a/target/liberty/wlp/usr/servers/liberty/logs/state/plugin-cfg.xml.
[05/10/2020, 15:51:07:037 BST] 000000ca com.ibm.ws.app.manager.AppMessageHelper                      A CWWKZ0003I: The application liberty updated in 0.531 seconds.
[05/10/2020, 15:51:11:732 BST] 000000c4 .apache.cxf.cxf.core.3.2:1.0.45.cl201020200915-1100(id=153)] I Setting the server's publish address to be /data/
[05/10/2020, 15:51:11:736 BST] 000000c4 com.ibm.ws.webcontainer.servlet                              I SRVE0242I: [liberty] [/] [com.example.liberty.LibertyRestApplication]: Initialization successful.
[05/10/2020, 15:51:11:757 BST] 000000c4 SystemErr                                                    R SLF4J: Failed to load class "org.slf4j.impl.StaticLoggerBinder".
[05/10/2020, 15:51:11:757 BST] 000000c4 SystemErr                                                    R SLF4J: Defaulting to no-operation (NOP) logger implementation
[05/10/2020, 15:51:11:757 BST] 000000c4 SystemErr                                                    R SLF4J: See http://www.slf4j.org/codes.html#StaticLoggerBinder for further details.
[05/10/2020, 15:51:11:851 BST] 000000c4 m.ibm.ws.microprofile.opentracing.jaeger.JaegerTracerFactory I CWMOT1001I: A JaegerTracer instance was created for the liberty application.  Tracing information is sent to localhost:6831.
[05/10/2020, 15:52:38:105 BST] 00000037 com.ibm.ws.microprofile.openapi.ApplicationProcessor         I CWWKO1660I: The application liberty was processed and an OpenAPI document was produced.
[05/10/2020, 15:52:38:106 BST] 00000037 com.ibm.ws.http.internal.VirtualHostImpl                     A CWWKT0017I: Web application removed (default_host): http://localhost:9080/
[05/10/2020, 15:52:38:107 BST] 00000037 com.ibm.ws.webcontainer.servlet                              I SRVE0253I: [liberty] [/] [com.example.liberty.LibertyRestApplication]: Destroy successful.
[05/10/2020, 15:52:38:115 BST] 00000037 com.ibm.ws.app.manager.AppMessageHelper                      A CWWKZ0009I: The application liberty has stopped successfully.
[05/10/2020, 15:52:38:118 BST] 00000037 com.ibm.ws.app.manager.AppMessageHelper                      I CWWKZ0018I: Starting application liberty.
[05/10/2020, 15:52:38:118 BST] 00000037 bm.ws.app.manager.war.internal.WARDeployedAppInfoFactoryImpl I CWWKZ0134I: The liberty application is using the loose application definition at the /Users/emilyjiang/Downloads/liberty/service-a/target/liberty/wlp/usr/servers/liberty/apps/liberty.war.xml location.
[05/10/2020, 15:52:38:125 BST] 00000124 com.ibm.ws.webcontainer.osgi.mbeans.PluginGenerator          I SRVE9103I: A configuration file for a web server plugin was automatically generated for this server at /Users/emilyjiang/Downloads/liberty/service-a/target/liberty/wlp/usr/servers/liberty/logs/state/plugin-cfg.xml.
[05/10/2020, 15:52:38:633 BST] 00000037 com.ibm.ws.webcontainer.osgi.webapp.WebGroup                 I SRVE0169I: Loading Web Module: liberty.
[05/10/2020, 15:52:38:633 BST] 00000037 com.ibm.ws.webcontainer                                      I SRVE0250I: Web Module liberty has been bound to default_host.
[05/10/2020, 15:52:38:633 BST] 00000037 com.ibm.ws.http.internal.VirtualHostImpl                     A CWWKT0016I: Web application available (default_host): http://localhost:9080/
[05/10/2020, 15:52:38:634 BST] 00000148 com.ibm.ws.session.WASSessionCore                            I SESN0176I: A new session context will be created for application key default_host/
[05/10/2020, 15:52:38:635 BST] 00000148 com.ibm.ws.util                                              I SESN0172I: The session manager is using the Java default SecureRandom implementation for session ID generation.
[05/10/2020, 15:52:38:646 BST] 000000a5 com.ibm.ws.webcontainer.osgi.mbeans.PluginGenerator          I SRVE9103I: A configuration file for a web server plugin was automatically generated for this server at /Users/emilyjiang/Downloads/liberty/service-a/target/liberty/wlp/usr/servers/liberty/logs/state/plugin-cfg.xml.
[05/10/2020, 15:52:38:649 BST] 00000148 com.ibm.ws.app.manager.AppMessageHelper                      A CWWKZ0003I: The application liberty updated in 0.531 seconds.
[05/10/2020, 15:54:30:441 BST] 000000ac com.ibm.ws.microprofile.openapi.ApplicationProcessor         I CWWKO1660I: The application liberty was processed and an OpenAPI document was produced.
[05/10/2020, 15:54:30:441 BST] 000000ac com.ibm.ws.http.internal.VirtualHostImpl                     A CWWKT0017I: Web application removed (default_host): http://localhost:9080/
[05/10/2020, 15:54:30:450 BST] 000000ac com.ibm.ws.app.manager.AppMessageHelper                      A CWWKZ0009I: The application liberty has stopped successfully.
[05/10/2020, 15:54:30:453 BST] 000000ac com.ibm.ws.app.manager.AppMessageHelper                      I CWWKZ0018I: Starting application liberty.
[05/10/2020, 15:54:30:453 BST] 000000ac bm.ws.app.manager.war.internal.WARDeployedAppInfoFactoryImpl I CWWKZ0134I: The liberty application is using the loose application definition at the /Users/emilyjiang/Downloads/liberty/service-a/target/liberty/wlp/usr/servers/liberty/apps/liberty.war.xml location.
[05/10/2020, 15:54:30:461 BST] 000000c0 com.ibm.ws.webcontainer.osgi.mbeans.PluginGenerator          I SRVE9103I: A configuration file for a web server plugin was automatically generated for this server at /Users/emilyjiang/Downloads/liberty/service-a/target/liberty/wlp/usr/servers/liberty/logs/state/plugin-cfg.xml.
[05/10/2020, 15:54:30:869 BST] 000000ac com.ibm.ws.webcontainer.osgi.webapp.WebGroup                 I SRVE0169I: Loading Web Module: liberty.
[05/10/2020, 15:54:30:869 BST] 000000ac com.ibm.ws.webcontainer                                      I SRVE0250I: Web Module liberty has been bound to default_host.
[05/10/2020, 15:54:30:869 BST] 000000ac com.ibm.ws.http.internal.VirtualHostImpl                     A CWWKT0016I: Web application available (default_host): http://localhost:9080/
[05/10/2020, 15:54:30:871 BST] 0000014e com.ibm.ws.session.WASSessionCore                            I SESN0176I: A new session context will be created for application key default_host/
[05/10/2020, 15:54:30:871 BST] 0000014e com.ibm.ws.util                                              I SESN0172I: The session manager is using the Java default SecureRandom implementation for session ID generation.
[05/10/2020, 15:54:30:882 BST] 00000163 com.ibm.ws.webcontainer.osgi.mbeans.PluginGenerator          I SRVE9103I: A configuration file for a web server plugin was automatically generated for this server at /Users/emilyjiang/Downloads/liberty/service-a/target/liberty/wlp/usr/servers/liberty/logs/state/plugin-cfg.xml.
[05/10/2020, 15:54:30:886 BST] 0000014e com.ibm.ws.app.manager.AppMessageHelper                      A CWWKZ0003I: The application liberty updated in 0.433 seconds.
[05/10/2020, 15:54:36:583 BST] 0000002d xf.rt.frontend.jaxrs.3.2:1.0.45.cl201020200915-1100(id=161)] W Method myFallback in com.example.liberty.client.ClientController has no JAX-RS Path or HTTP Method annotations
[05/10/2020, 15:54:36:584 BST] 0000002d .apache.cxf.cxf.core.3.2:1.0.45.cl201020200915-1100(id=153)] I Setting the server's publish address to be /data/
[05/10/2020, 15:54:36:589 BST] 0000002d com.ibm.ws.webcontainer.servlet                              I SRVE0242I: [liberty] [/] [com.example.liberty.LibertyRestApplication]: Initialization successful.
[05/10/2020, 15:54:36:610 BST] 0000002d SystemErr                                                    R SLF4J: Failed to load class "org.slf4j.impl.StaticLoggerBinder".
[05/10/2020, 15:54:36:610 BST] 0000002d SystemErr                                                    R SLF4J: Defaulting to no-operation (NOP) logger implementation
[05/10/2020, 15:54:36:610 BST] 0000002d SystemErr                                                    R SLF4J: See http://www.slf4j.org/codes.html#StaticLoggerBinder for further details.
[05/10/2020, 15:54:36:705 BST] 0000002d m.ibm.ws.microprofile.opentracing.jaeger.JaegerTracerFactory I CWMOT1001I: A JaegerTracer instance was created for the liberty application.  Tracing information is sent to localhost:6831.
[05/10/2020, 15:58:04:165 BST] 00000163 com.ibm.ws.microprofile.openapi.ApplicationProcessor         I CWWKO1660I: The application liberty was processed and an OpenAPI document was produced.
[05/10/2020, 15:58:04:166 BST] 00000163 com.ibm.ws.http.internal.VirtualHostImpl                     A CWWKT0017I: Web application removed (default_host): http://localhost:9080/
[05/10/2020, 15:58:04:167 BST] 00000163 com.ibm.ws.webcontainer.servlet                              I SRVE0253I: [liberty] [/] [com.example.liberty.LibertyRestApplication]: Destroy successful.
[05/10/2020, 15:58:04:177 BST] 00000163 com.ibm.ws.app.manager.AppMessageHelper                      A CWWKZ0009I: The application liberty has stopped successfully.
[05/10/2020, 15:58:04:180 BST] 00000163 com.ibm.ws.app.manager.AppMessageHelper                      I CWWKZ0018I: Starting application liberty.
[05/10/2020, 15:58:04:180 BST] 00000163 bm.ws.app.manager.war.internal.WARDeployedAppInfoFactoryImpl I CWWKZ0134I: The liberty application is using the loose application definition at the /Users/emilyjiang/Downloads/liberty/service-a/target/liberty/wlp/usr/servers/liberty/apps/liberty.war.xml location.
[05/10/2020, 15:58:04:185 BST] 00000195 com.ibm.ws.webcontainer.osgi.mbeans.PluginGenerator          I SRVE9103I: A configuration file for a web server plugin was automatically generated for this server at /Users/emilyjiang/Downloads/liberty/service-a/target/liberty/wlp/usr/servers/liberty/logs/state/plugin-cfg.xml.
[05/10/2020, 15:58:04:614 BST] 00000163 com.ibm.ws.webcontainer.osgi.webapp.WebGroup                 I SRVE0169I: Loading Web Module: liberty.
[05/10/2020, 15:58:04:614 BST] 00000163 com.ibm.ws.webcontainer                                      I SRVE0250I: Web Module liberty has been bound to default_host.
[05/10/2020, 15:58:04:614 BST] 00000163 com.ibm.ws.http.internal.VirtualHostImpl                     A CWWKT0016I: Web application available (default_host): http://localhost:9080/
[05/10/2020, 15:58:04:615 BST] 00000124 com.ibm.ws.session.WASSessionCore                            I SESN0176I: A new session context will be created for application key default_host/
[05/10/2020, 15:58:04:616 BST] 00000124 com.ibm.ws.util                                              I SESN0172I: The session manager is using the Java default SecureRandom implementation for session ID generation.
[05/10/2020, 15:58:04:631 BST] 00000124 com.ibm.ws.app.manager.AppMessageHelper                      A CWWKZ0003I: The application liberty updated in 0.451 seconds.
[05/10/2020, 15:58:04:717 BST] 00000196 com.ibm.ws.webcontainer.osgi.mbeans.PluginGenerator          I SRVE9103I: A configuration file for a web server plugin was automatically generated for this server at /Users/emilyjiang/Downloads/liberty/service-a/target/liberty/wlp/usr/servers/liberty/logs/state/plugin-cfg.xml.
[05/10/2020, 15:58:44:421 BST] 0000018d com.ibm.ws.microprofile.openapi.ApplicationProcessor         I CWWKO1660I: The application liberty was processed and an OpenAPI document was produced.
[05/10/2020, 15:58:44:422 BST] 0000018d com.ibm.ws.http.internal.VirtualHostImpl                     A CWWKT0017I: Web application removed (default_host): http://localhost:9080/
[05/10/2020, 15:58:44:429 BST] 0000018d com.ibm.ws.app.manager.AppMessageHelper                      A CWWKZ0009I: The application liberty has stopped successfully.
[05/10/2020, 15:58:44:432 BST] 0000018d com.ibm.ws.app.manager.AppMessageHelper                      I CWWKZ0018I: Starting application liberty.
[05/10/2020, 15:58:44:432 BST] 0000018d bm.ws.app.manager.war.internal.WARDeployedAppInfoFactoryImpl I CWWKZ0134I: The liberty application is using the loose application definition at the /Users/emilyjiang/Downloads/liberty/service-a/target/liberty/wlp/usr/servers/liberty/apps/liberty.war.xml location.
[05/10/2020, 15:58:44:440 BST] 0000014e com.ibm.ws.webcontainer.osgi.mbeans.PluginGenerator          I SRVE9103I: A configuration file for a web server plugin was automatically generated for this server at /Users/emilyjiang/Downloads/liberty/service-a/target/liberty/wlp/usr/servers/liberty/logs/state/plugin-cfg.xml.
[05/10/2020, 15:58:44:833 BST] 0000018d com.ibm.ws.webcontainer.osgi.webapp.WebGroup                 I SRVE0169I: Loading Web Module: liberty.
[05/10/2020, 15:58:44:833 BST] 0000018d com.ibm.ws.webcontainer                                      I SRVE0250I: Web Module liberty has been bound to default_host.
[05/10/2020, 15:58:44:833 BST] 0000018d com.ibm.ws.http.internal.VirtualHostImpl                     A CWWKT0016I: Web application available (default_host): http://localhost:9080/
[05/10/2020, 15:58:44:834 BST] 00000114 com.ibm.ws.session.WASSessionCore                            I SESN0176I: A new session context will be created for application key default_host/
[05/10/2020, 15:58:44:835 BST] 00000114 com.ibm.ws.util                                              I SESN0172I: The session manager is using the Java default SecureRandom implementation for session ID generation.
[05/10/2020, 15:58:44:846 BST] 00000114 com.ibm.ws.app.manager.AppMessageHelper                      A CWWKZ0003I: The application liberty updated in 0.414 seconds.
[05/10/2020, 15:58:44:887 BST] 00000192 com.ibm.ws.webcontainer.osgi.mbeans.PluginGenerator          I SRVE9103I: A configuration file for a web server plugin was automatically generated for this server at /Users/emilyjiang/Downloads/liberty/service-a/target/liberty/wlp/usr/servers/liberty/logs/state/plugin-cfg.xml.
[05/10/2020, 16:03:50:226 BST] 000001e7 xf.rt.frontend.jaxrs.3.2:1.0.45.cl201020200915-1100(id=161)] W Method myFallback in com.example.liberty.client.ClientController has no JAX-RS Path or HTTP Method annotations
[05/10/2020, 16:03:50:227 BST] 000001e7 .apache.cxf.cxf.core.3.2:1.0.45.cl201020200915-1100(id=153)] I Setting the server's publish address to be /data/
[05/10/2020, 16:03:50:230 BST] 000001e7 com.ibm.ws.webcontainer.servlet                              I SRVE0242I: [liberty] [/] [com.example.liberty.LibertyRestApplication]: Initialization successful.
[05/10/2020, 16:03:50:254 BST] 000001e7 SystemErr                                                    R SLF4J: Failed to load class "org.slf4j.impl.StaticLoggerBinder".
[05/10/2020, 16:03:50:254 BST] 000001e7 SystemErr                                                    R SLF4J: Defaulting to no-operation (NOP) logger implementation
[05/10/2020, 16:03:50:254 BST] 000001e7 SystemErr                                                    R SLF4J: See http://www.slf4j.org/codes.html#StaticLoggerBinder for further details.
[05/10/2020, 16:03:50:335 BST] 000001e7 m.ibm.ws.microprofile.opentracing.jaeger.JaegerTracerFactory I CWMOT1001I: A JaegerTracer instance was created for the liberty application.  Tracing information is sent to localhost:6831.
[05/10/2020, 16:04:58:304 BST] 000001da com.ibm.ws.microprofile.openapi.ApplicationProcessor         I CWWKO1660I: The application liberty was processed and an OpenAPI document was produced.
[05/10/2020, 16:04:58:305 BST] 000001da com.ibm.ws.http.internal.VirtualHostImpl                     A CWWKT0017I: Web application removed (default_host): http://localhost:9080/
[05/10/2020, 16:04:58:306 BST] 000001da com.ibm.ws.webcontainer.servlet                              I SRVE0253I: [liberty] [/] [com.example.liberty.LibertyRestApplication]: Destroy successful.
[05/10/2020, 16:04:58:316 BST] 000001da com.ibm.ws.app.manager.AppMessageHelper                      A CWWKZ0009I: The application liberty has stopped successfully.
[05/10/2020, 16:04:58:319 BST] 000001da com.ibm.ws.app.manager.AppMessageHelper                      I CWWKZ0018I: Starting application liberty.
[05/10/2020, 16:04:58:319 BST] 000001da bm.ws.app.manager.war.internal.WARDeployedAppInfoFactoryImpl I CWWKZ0134I: The liberty application is using the loose application definition at the /Users/emilyjiang/Downloads/liberty/service-a/target/liberty/wlp/usr/servers/liberty/apps/liberty.war.xml location.
[05/10/2020, 16:04:58:324 BST] 000001c8 com.ibm.ws.webcontainer.osgi.mbeans.PluginGenerator          I SRVE9103I: A configuration file for a web server plugin was automatically generated for this server at /Users/emilyjiang/Downloads/liberty/service-a/target/liberty/wlp/usr/servers/liberty/logs/state/plugin-cfg.xml.
[05/10/2020, 16:04:58:837 BST] 000001da com.ibm.ws.webcontainer.osgi.webapp.WebGroup                 I SRVE0169I: Loading Web Module: liberty.
[05/10/2020, 16:04:58:839 BST] 000001da com.ibm.ws.webcontainer                                      I SRVE0250I: Web Module liberty has been bound to default_host.
[05/10/2020, 16:04:58:840 BST] 000001da com.ibm.ws.http.internal.VirtualHostImpl                     A CWWKT0016I: Web application available (default_host): http://localhost:9080/
[05/10/2020, 16:04:58:841 BST] 00000196 com.ibm.ws.session.WASSessionCore                            I SESN0176I: A new session context will be created for application key default_host/
[05/10/2020, 16:04:58:842 BST] 00000196 com.ibm.ws.util                                              I SESN0172I: The session manager is using the Java default SecureRandom implementation for session ID generation.
[05/10/2020, 16:04:58:851 BST] 000001ef com.ibm.ws.webcontainer.osgi.mbeans.PluginGenerator          I SRVE9103I: A configuration file for a web server plugin was automatically generated for this server at /Users/emilyjiang/Downloads/liberty/service-a/target/liberty/wlp/usr/servers/liberty/logs/state/plugin-cfg.xml.
[05/10/2020, 16:04:58:855 BST] 00000196 com.ibm.ws.app.manager.AppMessageHelper                      A CWWKZ0003I: The application liberty updated in 0.536 seconds.
[05/10/2020, 16:05:00:583 BST] 00000167 xf.rt.frontend.jaxrs.3.2:1.0.45.cl201020200915-1100(id=161)] W Method myFallback in com.example.liberty.client.ClientController has no JAX-RS Path or HTTP Method annotations
[05/10/2020, 16:05:00:584 BST] 00000167 .apache.cxf.cxf.core.3.2:1.0.45.cl201020200915-1100(id=153)] I Setting the server's publish address to be /data/
[05/10/2020, 16:05:00:587 BST] 00000167 com.ibm.ws.webcontainer.servlet                              I SRVE0242I: [liberty] [/] [com.example.liberty.LibertyRestApplication]: Initialization successful.
[05/10/2020, 16:05:00:605 BST] 00000167 SystemErr                                                    R SLF4J: Failed to load class "org.slf4j.impl.StaticLoggerBinder".
[05/10/2020, 16:05:00:606 BST] 00000167 SystemErr                                                    R SLF4J: Defaulting to no-operation (NOP) logger implementation
[05/10/2020, 16:05:00:606 BST] 00000167 SystemErr                                                    R SLF4J: See http://www.slf4j.org/codes.html#StaticLoggerBinder for further details.
[05/10/2020, 16:05:00:681 BST] 00000167 m.ibm.ws.microprofile.opentracing.jaeger.JaegerTracerFactory I CWMOT1001I: A JaegerTracer instance was created for the liberty application.  Tracing information is sent to localhost:6831.
[05/10/2020, 16:20:53:231 BST] 0000001c com.ibm.ws.kernel.launch.internal.FrameworkManager           A CWWKE0085I: The server liberty is stopping because the JVM is exiting.
[05/10/2020, 16:20:53:232 BST] 0000026f com.ibm.ws.runtime.update.internal.RuntimeUpdateManagerImpl  A CWWKE1100I: Waiting for up to 30 seconds for the server to quiesce.
[05/10/2020, 16:20:53:238 BST] 0000025e com.ibm.ws.tcpchannel.internal.TCPChannel                    I CWWKO0220I: TCP Channel defaultHttpEndpoint-ssl has stopped listening for requests on host localhost  (IPv4: 127.0.0.1) port 9443.
[05/10/2020, 16:20:53:240 BST] 0000025e com.ibm.ws.tcpchannel.internal.TCPChannel                    I CWWKO0220I: TCP Channel defaultHttpEndpoint has stopped listening for requests on host localhost  (IPv4: 127.0.0.1) port 9080.
[05/10/2020, 16:20:53:240 BST] 0000025e com.ibm.ws.http.internal.VirtualHostImpl                     A CWWKT0017I: Web application removed (default_host): http://localhost:9080/jwt/
[05/10/2020, 16:20:53:240 BST] 0000025e com.ibm.ws.http.internal.VirtualHostImpl                     A CWWKT0017I: Web application removed (default_host): http://localhost:9080/openapi/ui/
[05/10/2020, 16:20:53:240 BST] 0000025e com.ibm.ws.http.internal.VirtualHostImpl                     A CWWKT0017I: Web application removed (default_host): http://localhost:9080/metrics/
[05/10/2020, 16:20:53:240 BST] 0000025e com.ibm.ws.http.internal.VirtualHostImpl                     A CWWKT0017I: Web application removed (default_host): http://localhost:9080/health/
[05/10/2020, 16:20:53:240 BST] 0000025e com.ibm.ws.http.internal.VirtualHostImpl                     A CWWKT0017I: Web application removed (default_host): http://localhost:9080/
[05/10/2020, 16:20:53:241 BST] 0000025e com.ibm.ws.http.internal.VirtualHostImpl                     A CWWKT0017I: Web application removed (default_host): http://localhost:9080/ibm/api/
[05/10/2020, 16:20:53:241 BST] 0000025e com.ibm.ws.http.internal.VirtualHostImpl                     A CWWKT0017I: Web application removed (default_host): http://localhost:9080/openapi/
[05/10/2020, 16:20:53:456 BST] 0000001d com.ibm.ws.kernel.launch.internal.ServerCommandListener      A CWWKE0055I: Server shutdown requested on Monday, 5 October 2020 at 16:20. The server liberty is shutting down.
[05/10/2020, 16:20:54:250 BST] 0000026f com.ibm.ws.runtime.update.internal.RuntimeUpdateManagerImpl  I CWWKE1101I: Server quiesce complete.
[05/10/2020, 16:20:54:274 BST] 000001ed com.ibm.ws.app.manager.AppMessageHelper                      A CWWKZ0009I: The application liberty has stopped successfully.
[05/10/2020, 16:20:54:434 BST] 0000026f om.ibm.ws.microprofile.metrics.monitor.MonitorMetricsHandler I CWPMI2004I: All monitoring metrics were unregistered from mpMetrics.
[05/10/2020, 16:20:54:458 BST] 0000026f com.ibm.ws.security.ready.internal.SecurityReadyServiceImpl  I CWWKS0009I: The security service has stopped.
[05/10/2020, 16:20:54:496 BST] 0000026f ibm.ws.security.authentication.internal.jaas.JAASServiceImpl I CWWKS1124I: The collective authentication plugin with class name NullCollectiveAuthenticationPlugin has been deactivated. 
[05/10/2020, 16:20:54:510 BST] 0000026f .ws.security.mp.jwt.v11.config.impl.MpConfigProxyServiceImpl I CWWKS5777I: The MicroProfile JWT version 1.1 mpConfigProxy deactivated successfully.
[05/10/2020, 16:20:54:512 BST] 0000026f com.ibm.ws.security.mp.jwt.impl.MicroProfileJwtConfigImpl    I CWWKS5502I: The MicroProfile JWT configuration [defaultMpJwt] was successfully deactivated.
[05/10/2020, 16:20:54:513 BST] 0000026f com.ibm.ws.security.mp.jwt.impl.MicroProfileJwtConfigImpl    I CWWKS5502I: The MicroProfile JWT configuration [jwtUserConsumer] was successfully deactivated.
[05/10/2020, 16:20:54:514 BST] 0000026f com.ibm.ws.security.mp.jwt.impl.MicroProfileJwtServiceImpl   I CWWKS5502I: The MicroProfile JWT configuration [MicroProfileJwtService] was successfully deactivated.
[05/10/2020, 16:20:55:135 BST] 00000001 com.ibm.ws.kernel.launch.internal.FrameworkManager           A CWWKE0036I: The server liberty stopped after 42 minutes, 55.557 seconds.
